{"E:\\FSJS\\Hacktiv8\\p3\\FProject\\schox-server\\app.js": {"path":"E:\\FSJS\\Hacktiv8\\p3\\FProject\\schox-server\\app.js","statementMap":{"0":{"start":{"line":1,"column":0},"end":{"line":3,"column":1}},"1":{"start":{"line":2,"column":2},"end":{"line":2,"column":29}},"2":{"start":{"line":4,"column":16},"end":{"line":4,"column":34}},"3":{"start":{"line":5,"column":13},"end":{"line":5,"column":28}},"4":{"start":{"line":6,"column":19},"end":{"line":6,"column":53}},"5":{"start":{"line":7,"column":15},"end":{"line":7,"column":34}},"6":{"start":{"line":8,"column":12},"end":{"line":8,"column":21}},"7":{"start":{"line":10,"column":0},"end":{"line":10,"column":16}},"8":{"start":{"line":11,"column":0},"end":{"line":11,"column":49}},"9":{"start":{"line":12,"column":0},"end":{"line":12,"column":24}},"10":{"start":{"line":14,"column":0},"end":{"line":14,"column":21}},"11":{"start":{"line":15,"column":0},"end":{"line":15,"column":20}},"12":{"start":{"line":17,"column":0},"end":{"line":17,"column":21}}},"fnMap":{},"branchMap":{"0":{"loc":{"start":{"line":1,"column":0},"end":{"line":3,"column":1}},"type":"if","locations":[{"start":{"line":1,"column":0},"end":{"line":3,"column":1}},{"start":{},"end":{}}],"line":1}},"s":{"0":3,"1":3,"2":3,"3":3,"4":3,"5":3,"6":3,"7":3,"8":3,"9":3,"10":3,"11":3,"12":3},"f":{},"b":{"0":[3,0]},"_coverageSchema":"1a1c01bbd47fc00a2c39e90264f33305004495a9","hash":"9801cf9ff1ce13460e96dabd51f50cd95d204362"}
,"E:\\FSJS\\Hacktiv8\\p3\\FProject\\schox-server\\controllers\\DriverController.js": {"path":"E:\\FSJS\\Hacktiv8\\p3\\FProject\\schox-server\\controllers\\DriverController.js","statementMap":{"0":{"start":{"line":1,"column":28},"end":{"line":1,"column":56}},"1":{"start":{"line":2,"column":22},"end":{"line":2,"column":47}},"2":{"start":{"line":3,"column":39},"end":{"line":3,"column":59}},"3":{"start":{"line":7,"column":4},"end":{"line":17,"column":5}},"4":{"start":{"line":8,"column":34},"end":{"line":8,"column":42}},"5":{"start":{"line":9,"column":25},"end":{"line":9,"column":67}},"6":{"start":{"line":10,"column":6},"end":{"line":10,"column":64}},"7":{"start":{"line":10,"column":23},"end":{"line":10,"column":64}},"8":{"start":{"line":11,"column":22},"end":{"line":11,"column":68}},"9":{"start":{"line":12,"column":6},"end":{"line":12,"column":61}},"10":{"start":{"line":12,"column":20},"end":{"line":12,"column":61}},"11":{"start":{"line":13,"column":6},"end":{"line":13,"column":39}},"12":{"start":{"line":15,"column":6},"end":{"line":15,"column":22}},"13":{"start":{"line":16,"column":6},"end":{"line":16,"column":16}},"14":{"start":{"line":21,"column":4},"end":{"line":32,"column":5}},"15":{"start":{"line":22,"column":27},"end":{"line":22,"column":37}},"16":{"start":{"line":23,"column":26},"end":{"line":23,"column":34}},"17":{"start":{"line":24,"column":21},"end":{"line":24,"column":52}},"18":{"start":{"line":25,"column":6},"end":{"line":25,"column":56}},"19":{"start":{"line":25,"column":19},"end":{"line":25,"column":56}},"20":{"start":{"line":26,"column":6},"end":{"line":26,"column":68}},"21":{"start":{"line":27,"column":6},"end":{"line":29,"column":9}},"22":{"start":{"line":31,"column":6},"end":{"line":31,"column":16}},"23":{"start":{"line":36,"column":4},"end":{"line":41,"column":5}},"24":{"start":{"line":37,"column":22},"end":{"line":37,"column":84}},"25":{"start":{"line":38,"column":6},"end":{"line":38,"column":36}},"26":{"start":{"line":40,"column":6},"end":{"line":40,"column":16}},"27":{"start":{"line":45,"column":4},"end":{"line":52,"column":5}},"28":{"start":{"line":46,"column":21},"end":{"line":46,"column":31}},"29":{"start":{"line":47,"column":21},"end":{"line":47,"column":46}},"30":{"start":{"line":48,"column":6},"end":{"line":48,"column":56}},"31":{"start":{"line":48,"column":19},"end":{"line":48,"column":56}},"32":{"start":{"line":49,"column":6},"end":{"line":49,"column":35}},"33":{"start":{"line":51,"column":6},"end":{"line":51,"column":16}},"34":{"start":{"line":56,"column":4},"end":{"line":65,"column":5}},"35":{"start":{"line":57,"column":21},"end":{"line":57,"column":31}},"36":{"start":{"line":58,"column":31},"end":{"line":58,"column":39}},"37":{"start":{"line":59,"column":25},"end":{"line":59,"column":64}},"38":{"start":{"line":60,"column":6},"end":{"line":60,"column":60}},"39":{"start":{"line":60,"column":23},"end":{"line":60,"column":60}},"40":{"start":{"line":61,"column":6},"end":{"line":61,"column":63}},"41":{"start":{"line":62,"column":6},"end":{"line":62,"column":72}},"42":{"start":{"line":64,"column":6},"end":{"line":64,"column":16}},"43":{"start":{"line":69,"column":4},"end":{"line":84,"column":5}},"44":{"start":{"line":70,"column":23},"end":{"line":70,"column":33}},"45":{"start":{"line":71,"column":8},"end":{"line":71,"column":23}},"46":{"start":{"line":72,"column":29},"end":{"line":78,"column":10}},"47":{"start":{"line":79,"column":8},"end":{"line":79,"column":63}},"48":{"start":{"line":79,"column":27},"end":{"line":79,"column":63}},"49":{"start":{"line":80,"column":8},"end":{"line":80,"column":43}},"50":{"start":{"line":82,"column":6},"end":{"line":82,"column":23}},"51":{"start":{"line":83,"column":6},"end":{"line":83,"column":16}},"52":{"start":{"line":88,"column":0},"end":{"line":90,"column":2}}},"fnMap":{"0":{"name":"(anonymous_0)","decl":{"start":{"line":6,"column":2},"end":{"line":6,"column":3}},"loc":{"start":{"line":6,"column":37},"end":{"line":18,"column":3}},"line":6},"1":{"name":"(anonymous_1)","decl":{"start":{"line":20,"column":2},"end":{"line":20,"column":3}},"loc":{"start":{"line":20,"column":45},"end":{"line":33,"column":3}},"line":20},"2":{"name":"(anonymous_2)","decl":{"start":{"line":35,"column":2},"end":{"line":35,"column":3}},"loc":{"start":{"line":35,"column":42},"end":{"line":42,"column":3}},"line":35},"3":{"name":"(anonymous_3)","decl":{"start":{"line":44,"column":2},"end":{"line":44,"column":3}},"loc":{"start":{"line":44,"column":47},"end":{"line":53,"column":3}},"line":44},"4":{"name":"(anonymous_4)","decl":{"start":{"line":55,"column":2},"end":{"line":55,"column":3}},"loc":{"start":{"line":55,"column":44},"end":{"line":66,"column":3}},"line":55},"5":{"name":"(anonymous_5)","decl":{"start":{"line":68,"column":2},"end":{"line":68,"column":3}},"loc":{"start":{"line":68,"column":45},"end":{"line":85,"column":3}},"line":68}},"branchMap":{"0":{"loc":{"start":{"line":10,"column":6},"end":{"line":10,"column":64}},"type":"if","locations":[{"start":{"line":10,"column":6},"end":{"line":10,"column":64}},{"start":{},"end":{}}],"line":10},"1":{"loc":{"start":{"line":12,"column":6},"end":{"line":12,"column":61}},"type":"if","locations":[{"start":{"line":12,"column":6},"end":{"line":12,"column":61}},{"start":{},"end":{}}],"line":12},"2":{"loc":{"start":{"line":25,"column":6},"end":{"line":25,"column":56}},"type":"if","locations":[{"start":{"line":25,"column":6},"end":{"line":25,"column":56}},{"start":{},"end":{}}],"line":25},"3":{"loc":{"start":{"line":48,"column":6},"end":{"line":48,"column":56}},"type":"if","locations":[{"start":{"line":48,"column":6},"end":{"line":48,"column":56}},{"start":{},"end":{}}],"line":48},"4":{"loc":{"start":{"line":60,"column":6},"end":{"line":60,"column":60}},"type":"if","locations":[{"start":{"line":60,"column":6},"end":{"line":60,"column":60}},{"start":{},"end":{}}],"line":60},"5":{"loc":{"start":{"line":79,"column":8},"end":{"line":79,"column":63}},"type":"if","locations":[{"start":{"line":79,"column":8},"end":{"line":79,"column":63}},{"start":{},"end":{}}],"line":79}},"s":{"0":3,"1":3,"2":3,"3":3,"4":3,"5":3,"6":3,"7":1,"8":2,"9":2,"10":1,"11":1,"12":2,"13":2,"14":2,"15":2,"16":2,"17":2,"18":2,"19":1,"20":1,"21":1,"22":1,"23":1,"24":1,"25":1,"26":0,"27":2,"28":2,"29":2,"30":2,"31":1,"32":1,"33":1,"34":2,"35":2,"36":2,"37":2,"38":2,"39":1,"40":1,"41":1,"42":1,"43":2,"44":2,"45":2,"46":2,"47":2,"48":1,"49":1,"50":1,"51":1,"52":3},"f":{"0":3,"1":2,"2":1,"3":2,"4":2,"5":2},"b":{"0":[1,2],"1":[1,1],"2":[1,1],"3":[1,1],"4":[1,1],"5":[1,1]},"_coverageSchema":"1a1c01bbd47fc00a2c39e90264f33305004495a9","hash":"84bfc0988c26318c77d3652a7b2f4dc21690119e"}
,"E:\\FSJS\\Hacktiv8\\p3\\FProject\\schox-server\\controllers\\RecordController.js": {"path":"E:\\FSJS\\Hacktiv8\\p3\\FProject\\schox-server\\controllers\\RecordController.js","statementMap":{"0":{"start":{"line":1,"column":48},"end":{"line":1,"column":68}},"1":{"start":{"line":5,"column":4},"end":{"line":26,"column":5}},"2":{"start":{"line":6,"column":27},"end":{"line":6,"column":35}},"3":{"start":{"line":7,"column":21},"end":{"line":12,"column":8}},"4":{"start":{"line":13,"column":6},"end":{"line":13,"column":69}},"5":{"start":{"line":13,"column":32},"end":{"line":13,"column":69}},"6":{"start":{"line":15,"column":21},"end":{"line":15,"column":40}},"7":{"start":{"line":17,"column":19},"end":{"line":22,"column":8}},"8":{"start":{"line":23,"column":6},"end":{"line":23,"column":36}},"9":{"start":{"line":25,"column":6},"end":{"line":25,"column":15}},"10":{"start":{"line":30,"column":4},"end":{"line":44,"column":5}},"11":{"start":{"line":31,"column":21},"end":{"line":31,"column":31}},"12":{"start":{"line":33,"column":19},"end":{"line":33,"column":51}},"13":{"start":{"line":34,"column":6},"end":{"line":36,"column":7}},"14":{"start":{"line":35,"column":8},"end":{"line":35,"column":39}},"15":{"start":{"line":38,"column":6},"end":{"line":40,"column":27}},"16":{"start":{"line":41,"column":6},"end":{"line":41,"column":74}},"17":{"start":{"line":43,"column":6},"end":{"line":43,"column":15}},"18":{"start":{"line":48,"column":4},"end":{"line":63,"column":5}},"19":{"start":{"line":49,"column":21},"end":{"line":49,"column":31}},"20":{"start":{"line":51,"column":19},"end":{"line":51,"column":51}},"21":{"start":{"line":52,"column":6},"end":{"line":54,"column":7}},"22":{"start":{"line":53,"column":8},"end":{"line":53,"column":39}},"23":{"start":{"line":56,"column":6},"end":{"line":59,"column":27}},"24":{"start":{"line":60,"column":6},"end":{"line":60,"column":91}},"25":{"start":{"line":62,"column":6},"end":{"line":62,"column":15}},"26":{"start":{"line":68,"column":4},"end":{"line":89,"column":5}},"27":{"start":{"line":69,"column":27},"end":{"line":69,"column":35}},"28":{"start":{"line":70,"column":21},"end":{"line":75,"column":8}},"29":{"start":{"line":76,"column":6},"end":{"line":76,"column":69}},"30":{"start":{"line":76,"column":32},"end":{"line":76,"column":69}},"31":{"start":{"line":78,"column":21},"end":{"line":78,"column":40}},"32":{"start":{"line":80,"column":19},"end":{"line":85,"column":8}},"33":{"start":{"line":86,"column":6},"end":{"line":86,"column":36}},"34":{"start":{"line":88,"column":6},"end":{"line":88,"column":15}},"35":{"start":{"line":93,"column":4},"end":{"line":107,"column":5}},"36":{"start":{"line":94,"column":21},"end":{"line":94,"column":31}},"37":{"start":{"line":96,"column":19},"end":{"line":96,"column":51}},"38":{"start":{"line":97,"column":6},"end":{"line":99,"column":7}},"39":{"start":{"line":98,"column":8},"end":{"line":98,"column":39}},"40":{"start":{"line":101,"column":6},"end":{"line":103,"column":27}},"41":{"start":{"line":104,"column":6},"end":{"line":104,"column":74}},"42":{"start":{"line":106,"column":6},"end":{"line":106,"column":15}},"43":{"start":{"line":111,"column":4},"end":{"line":126,"column":5}},"44":{"start":{"line":112,"column":21},"end":{"line":112,"column":31}},"45":{"start":{"line":114,"column":19},"end":{"line":114,"column":51}},"46":{"start":{"line":115,"column":6},"end":{"line":117,"column":7}},"47":{"start":{"line":116,"column":8},"end":{"line":116,"column":39}},"48":{"start":{"line":119,"column":6},"end":{"line":122,"column":27}},"49":{"start":{"line":123,"column":6},"end":{"line":123,"column":91}},"50":{"start":{"line":125,"column":6},"end":{"line":125,"column":15}},"51":{"start":{"line":130,"column":0},"end":{"line":130,"column":34}}},"fnMap":{"0":{"name":"(anonymous_0)","decl":{"start":{"line":4,"column":2},"end":{"line":4,"column":3}},"loc":{"start":{"line":4,"column":47},"end":{"line":27,"column":3}},"line":4},"1":{"name":"(anonymous_1)","decl":{"start":{"line":29,"column":2},"end":{"line":29,"column":3}},"loc":{"start":{"line":29,"column":50},"end":{"line":45,"column":3}},"line":29},"2":{"name":"(anonymous_2)","decl":{"start":{"line":47,"column":2},"end":{"line":47,"column":3}},"loc":{"start":{"line":47,"column":49},"end":{"line":64,"column":3}},"line":47},"3":{"name":"(anonymous_3)","decl":{"start":{"line":67,"column":2},"end":{"line":67,"column":3}},"loc":{"start":{"line":67,"column":48},"end":{"line":90,"column":3}},"line":67},"4":{"name":"(anonymous_4)","decl":{"start":{"line":92,"column":2},"end":{"line":92,"column":3}},"loc":{"start":{"line":92,"column":51},"end":{"line":108,"column":3}},"line":92},"5":{"name":"(anonymous_5)","decl":{"start":{"line":110,"column":2},"end":{"line":110,"column":3}},"loc":{"start":{"line":110,"column":50},"end":{"line":127,"column":3}},"line":110}},"branchMap":{"0":{"loc":{"start":{"line":13,"column":6},"end":{"line":13,"column":69}},"type":"if","locations":[{"start":{"line":13,"column":6},"end":{"line":13,"column":69}},{"start":{},"end":{}}],"line":13},"1":{"loc":{"start":{"line":34,"column":6},"end":{"line":36,"column":7}},"type":"if","locations":[{"start":{"line":34,"column":6},"end":{"line":36,"column":7}},{"start":{},"end":{}}],"line":34},"2":{"loc":{"start":{"line":52,"column":6},"end":{"line":54,"column":7}},"type":"if","locations":[{"start":{"line":52,"column":6},"end":{"line":54,"column":7}},{"start":{},"end":{}}],"line":52},"3":{"loc":{"start":{"line":76,"column":6},"end":{"line":76,"column":69}},"type":"if","locations":[{"start":{"line":76,"column":6},"end":{"line":76,"column":69}},{"start":{},"end":{}}],"line":76},"4":{"loc":{"start":{"line":97,"column":6},"end":{"line":99,"column":7}},"type":"if","locations":[{"start":{"line":97,"column":6},"end":{"line":99,"column":7}},{"start":{},"end":{}}],"line":97},"5":{"loc":{"start":{"line":115,"column":6},"end":{"line":117,"column":7}},"type":"if","locations":[{"start":{"line":115,"column":6},"end":{"line":117,"column":7}},{"start":{},"end":{}}],"line":115}},"s":{"0":3,"1":3,"2":3,"3":3,"4":3,"5":1,"6":1,"7":1,"8":1,"9":2,"10":5,"11":5,"12":5,"13":3,"14":2,"15":1,"16":1,"17":4,"18":1,"19":1,"20":1,"21":1,"22":0,"23":1,"24":1,"25":0,"26":3,"27":3,"28":3,"29":3,"30":1,"31":1,"32":1,"33":1,"34":2,"35":5,"36":5,"37":5,"38":3,"39":2,"40":1,"41":1,"42":4,"43":1,"44":1,"45":1,"46":1,"47":0,"48":1,"49":1,"50":0,"51":3},"f":{"0":3,"1":5,"2":1,"3":3,"4":5,"5":1},"b":{"0":[1,1],"1":[2,1],"2":[0,1],"3":[1,1],"4":[2,1],"5":[0,1]},"_coverageSchema":"1a1c01bbd47fc00a2c39e90264f33305004495a9","hash":"e41f4ae9ff80b350d717576176a10efdcfb9953c"}
,"E:\\FSJS\\Hacktiv8\\p3\\FProject\\schox-server\\controllers\\UserController.js": {"path":"E:\\FSJS\\Hacktiv8\\p3\\FProject\\schox-server\\controllers\\UserController.js","statementMap":{"0":{"start":{"line":1,"column":28},"end":{"line":1,"column":56}},"1":{"start":{"line":2,"column":22},"end":{"line":2,"column":47}},"2":{"start":{"line":3,"column":54},"end":{"line":3,"column":74}},"3":{"start":{"line":4,"column":15},"end":{"line":4,"column":32}},"4":{"start":{"line":5,"column":17},"end":{"line":5,"column":43}},"5":{"start":{"line":6,"column":23},"end":{"line":6,"column":49}},"6":{"start":{"line":10,"column":8},"end":{"line":39,"column":9}},"7":{"start":{"line":20,"column":16},"end":{"line":20,"column":24}},"8":{"start":{"line":22,"column":31},"end":{"line":32,"column":14}},"9":{"start":{"line":33,"column":12},"end":{"line":36,"column":15}},"10":{"start":{"line":38,"column":12},"end":{"line":38,"column":22}},"11":{"start":{"line":43,"column":4},"end":{"line":56,"column":5}},"12":{"start":{"line":44,"column":34},"end":{"line":44,"column":42}},"13":{"start":{"line":45,"column":23},"end":{"line":45,"column":63}},"14":{"start":{"line":46,"column":6},"end":{"line":46,"column":62}},"15":{"start":{"line":46,"column":21},"end":{"line":46,"column":62}},"16":{"start":{"line":47,"column":22},"end":{"line":47,"column":66}},"17":{"start":{"line":48,"column":6},"end":{"line":48,"column":61}},"18":{"start":{"line":48,"column":20},"end":{"line":48,"column":61}},"19":{"start":{"line":50,"column":22},"end":{"line":50,"column":41}},"20":{"start":{"line":51,"column":27},"end":{"line":51,"column":45}},"21":{"start":{"line":53,"column":6},"end":{"line":53,"column":76}},"22":{"start":{"line":55,"column":6},"end":{"line":55,"column":16}},"23":{"start":{"line":60,"column":8},"end":{"line":66,"column":9}},"24":{"start":{"line":61,"column":59},"end":{"line":61,"column":67}},"25":{"start":{"line":62,"column":12},"end":{"line":62,"column":72}},"26":{"start":{"line":63,"column":12},"end":{"line":63,"column":71}},"27":{"start":{"line":65,"column":12},"end":{"line":65,"column":22}},"28":{"start":{"line":70,"column":8},"end":{"line":75,"column":9}},"29":{"start":{"line":71,"column":28},"end":{"line":71,"column":50}},"30":{"start":{"line":72,"column":12},"end":{"line":72,"column":42}},"31":{"start":{"line":74,"column":12},"end":{"line":74,"column":22}},"32":{"start":{"line":79,"column":8},"end":{"line":88,"column":9}},"33":{"start":{"line":80,"column":31},"end":{"line":80,"column":41}},"34":{"start":{"line":81,"column":29},"end":{"line":81,"column":56}},"35":{"start":{"line":83,"column":12},"end":{"line":83,"column":54}},"36":{"start":{"line":83,"column":27},"end":{"line":83,"column":54}},"37":{"start":{"line":85,"column":12},"end":{"line":85,"column":64}},"38":{"start":{"line":87,"column":12},"end":{"line":87,"column":22}},"39":{"start":{"line":92,"column":8},"end":{"line":121,"column":9}},"40":{"start":{"line":93,"column":26},"end":{"line":93,"column":34}},"41":{"start":{"line":94,"column":28},"end":{"line":94,"column":53}},"42":{"start":{"line":95,"column":12},"end":{"line":95,"column":33}},"43":{"start":{"line":96,"column":25},"end":{"line":96,"column":55}},"44":{"start":{"line":97,"column":27},"end":{"line":97,"column":49}},"45":{"start":{"line":98,"column":25},"end":{"line":98,"column":52}},"46":{"start":{"line":99,"column":29},"end":{"line":99,"column":52}},"47":{"start":{"line":101,"column":12},"end":{"line":118,"column":13}},"48":{"start":{"line":102,"column":36},"end":{"line":102,"column":55}},"49":{"start":{"line":103,"column":30},"end":{"line":103,"column":52}},"50":{"start":{"line":105,"column":16},"end":{"line":108,"column":18}},"51":{"start":{"line":109,"column":16},"end":{"line":112,"column":18}},"52":{"start":{"line":113,"column":16},"end":{"line":115,"column":19}},"53":{"start":{"line":117,"column":16},"end":{"line":117,"column":67}},"54":{"start":{"line":120,"column":12},"end":{"line":120,"column":22}},"55":{"start":{"line":125,"column":8},"end":{"line":132,"column":9}},"56":{"start":{"line":126,"column":31},"end":{"line":126,"column":41}},"57":{"start":{"line":127,"column":32},"end":{"line":127,"column":40}},"58":{"start":{"line":128,"column":12},"end":{"line":128,"column":67}},"59":{"start":{"line":129,"column":12},"end":{"line":129,"column":71}},"60":{"start":{"line":131,"column":12},"end":{"line":131,"column":21}},"61":{"start":{"line":136,"column":22},"end":{"line":136,"column":30}},"62":{"start":{"line":137,"column":8},"end":{"line":169,"column":9}},"63":{"start":{"line":139,"column":16},"end":{"line":139,"column":24}},"64":{"start":{"line":140,"column":27},"end":{"line":140,"column":35}},"65":{"start":{"line":141,"column":28},"end":{"line":141,"column":38}},"66":{"start":{"line":144,"column":12},"end":{"line":147,"column":68}},"67":{"start":{"line":145,"column":16},"end":{"line":145,"column":67}},"68":{"start":{"line":146,"column":17},"end":{"line":147,"column":68}},"69":{"start":{"line":147,"column":16},"end":{"line":147,"column":68}},"70":{"start":{"line":149,"column":31},"end":{"line":159,"column":14}},"71":{"start":{"line":160,"column":12},"end":{"line":163,"column":14}},"72":{"start":{"line":164,"column":12},"end":{"line":166,"column":15}},"73":{"start":{"line":168,"column":12},"end":{"line":168,"column":22}},"74":{"start":{"line":172,"column":8},"end":{"line":179,"column":9}},"75":{"start":{"line":173,"column":27},"end":{"line":173,"column":37}},"76":{"start":{"line":174,"column":31},"end":{"line":174,"column":62}},"77":{"start":{"line":175,"column":12},"end":{"line":175,"column":56}},"78":{"start":{"line":175,"column":29},"end":{"line":175,"column":56}},"79":{"start":{"line":176,"column":12},"end":{"line":176,"column":45}},"80":{"start":{"line":178,"column":12},"end":{"line":178,"column":22}},"81":{"start":{"line":182,"column":8},"end":{"line":197,"column":9}},"82":{"start":{"line":183,"column":27},"end":{"line":183,"column":37}},"83":{"start":{"line":184,"column":31},"end":{"line":184,"column":62}},"84":{"start":{"line":185,"column":12},"end":{"line":185,"column":56}},"85":{"start":{"line":185,"column":29},"end":{"line":185,"column":56}},"86":{"start":{"line":186,"column":27},"end":{"line":186,"column":38}},"87":{"start":{"line":187,"column":12},"end":{"line":190,"column":14}},"88":{"start":{"line":191,"column":12},"end":{"line":194,"column":15}},"89":{"start":{"line":196,"column":12},"end":{"line":196,"column":22}},"90":{"start":{"line":201,"column":8},"end":{"line":223,"column":9}},"91":{"start":{"line":202,"column":27},"end":{"line":202,"column":37}},"92":{"start":{"line":203,"column":31},"end":{"line":205,"column":14}},"93":{"start":{"line":206,"column":12},"end":{"line":206,"column":56}},"94":{"start":{"line":206,"column":29},"end":{"line":206,"column":56}},"95":{"start":{"line":207,"column":12},"end":{"line":219,"column":13}},"96":{"start":{"line":208,"column":33},"end":{"line":208,"column":65}},"97":{"start":{"line":209,"column":33},"end":{"line":209,"column":65}},"98":{"start":{"line":210,"column":31},"end":{"line":210,"column":62}},"99":{"start":{"line":211,"column":31},"end":{"line":211,"column":62}},"100":{"start":{"line":212,"column":16},"end":{"line":216,"column":19}},"101":{"start":{"line":218,"column":16},"end":{"line":218,"column":59}},"102":{"start":{"line":221,"column":12},"end":{"line":221,"column":28}},"103":{"start":{"line":222,"column":12},"end":{"line":222,"column":22}},"104":{"start":{"line":238,"column":8},"end":{"line":273,"column":9}},"105":{"start":{"line":239,"column":26},"end":{"line":239,"column":40}},"106":{"start":{"line":241,"column":23},"end":{"line":244,"column":14}},"107":{"start":{"line":245,"column":23},"end":{"line":245,"column":43}},"108":{"start":{"line":246,"column":26},"end":{"line":250,"column":14}},"109":{"start":{"line":252,"column":28},"end":{"line":266,"column":13}},"110":{"start":{"line":268,"column":12},"end":{"line":270,"column":15}},"111":{"start":{"line":269,"column":16},"end":{"line":269,"column":50}},"112":{"start":{"line":272,"column":12},"end":{"line":272,"column":22}},"113":{"start":{"line":277,"column":4},"end":{"line":290,"column":5}},"114":{"start":{"line":278,"column":25},"end":{"line":278,"column":35}},"115":{"start":{"line":279,"column":25},"end":{"line":285,"column":10}},"116":{"start":{"line":286,"column":6},"end":{"line":286,"column":49}},"117":{"start":{"line":286,"column":23},"end":{"line":286,"column":49}},"118":{"start":{"line":287,"column":6},"end":{"line":287,"column":39}},"119":{"start":{"line":289,"column":6},"end":{"line":289,"column":16}},"120":{"start":{"line":294,"column":0},"end":{"line":294,"column":32}}},"fnMap":{"0":{"name":"(anonymous_0)","decl":{"start":{"line":9,"column":4},"end":{"line":9,"column":5}},"loc":{"start":{"line":9,"column":42},"end":{"line":40,"column":5}},"line":9},"1":{"name":"(anonymous_1)","decl":{"start":{"line":42,"column":2},"end":{"line":42,"column":3}},"loc":{"start":{"line":42,"column":37},"end":{"line":57,"column":3}},"line":42},"2":{"name":"(anonymous_2)","decl":{"start":{"line":59,"column":4},"end":{"line":59,"column":5}},"loc":{"start":{"line":59,"column":44},"end":{"line":67,"column":5}},"line":59},"3":{"name":"(anonymous_3)","decl":{"start":{"line":69,"column":4},"end":{"line":69,"column":5}},"loc":{"start":{"line":69,"column":44},"end":{"line":76,"column":5}},"line":69},"4":{"name":"(anonymous_4)","decl":{"start":{"line":78,"column":4},"end":{"line":78,"column":5}},"loc":{"start":{"line":78,"column":44},"end":{"line":89,"column":5}},"line":78},"5":{"name":"(anonymous_5)","decl":{"start":{"line":91,"column":4},"end":{"line":91,"column":5}},"loc":{"start":{"line":91,"column":45},"end":{"line":122,"column":5}},"line":91},"6":{"name":"(anonymous_6)","decl":{"start":{"line":124,"column":4},"end":{"line":124,"column":5}},"loc":{"start":{"line":124,"column":47},"end":{"line":133,"column":5}},"line":124},"7":{"name":"(anonymous_7)","decl":{"start":{"line":135,"column":4},"end":{"line":135,"column":5}},"loc":{"start":{"line":135,"column":50},"end":{"line":170,"column":5}},"line":135},"8":{"name":"(anonymous_8)","decl":{"start":{"line":171,"column":4},"end":{"line":171,"column":5}},"loc":{"start":{"line":171,"column":49},"end":{"line":180,"column":5}},"line":171},"9":{"name":"(anonymous_9)","decl":{"start":{"line":181,"column":4},"end":{"line":181,"column":5}},"loc":{"start":{"line":181,"column":52},"end":{"line":198,"column":5}},"line":181},"10":{"name":"(anonymous_10)","decl":{"start":{"line":200,"column":4},"end":{"line":200,"column":5}},"loc":{"start":{"line":200,"column":47},"end":{"line":224,"column":5}},"line":200},"11":{"name":"(anonymous_11)","decl":{"start":{"line":237,"column":4},"end":{"line":237,"column":5}},"loc":{"start":{"line":237,"column":39},"end":{"line":274,"column":5}},"line":237},"12":{"name":"(anonymous_12)","decl":{"start":{"line":268,"column":51},"end":{"line":268,"column":52}},"loc":{"start":{"line":268,"column":68},"end":{"line":270,"column":13}},"line":268},"13":{"name":"(anonymous_13)","decl":{"start":{"line":276,"column":2},"end":{"line":276,"column":3}},"loc":{"start":{"line":276,"column":45},"end":{"line":291,"column":3}},"line":276}},"branchMap":{"0":{"loc":{"start":{"line":46,"column":6},"end":{"line":46,"column":62}},"type":"if","locations":[{"start":{"line":46,"column":6},"end":{"line":46,"column":62}},{"start":{},"end":{}}],"line":46},"1":{"loc":{"start":{"line":48,"column":6},"end":{"line":48,"column":61}},"type":"if","locations":[{"start":{"line":48,"column":6},"end":{"line":48,"column":61}},{"start":{},"end":{}}],"line":48},"2":{"loc":{"start":{"line":83,"column":12},"end":{"line":83,"column":54}},"type":"if","locations":[{"start":{"line":83,"column":12},"end":{"line":83,"column":54}},{"start":{},"end":{}}],"line":83},"3":{"loc":{"start":{"line":101,"column":12},"end":{"line":118,"column":13}},"type":"if","locations":[{"start":{"line":101,"column":12},"end":{"line":118,"column":13}},{"start":{"line":116,"column":19},"end":{"line":118,"column":13}}],"line":101},"4":{"loc":{"start":{"line":144,"column":12},"end":{"line":147,"column":68}},"type":"if","locations":[{"start":{"line":144,"column":12},"end":{"line":147,"column":68}},{"start":{"line":146,"column":17},"end":{"line":147,"column":68}}],"line":144},"5":{"loc":{"start":{"line":146,"column":17},"end":{"line":147,"column":68}},"type":"if","locations":[{"start":{"line":146,"column":17},"end":{"line":147,"column":68}},{"start":{},"end":{}}],"line":146},"6":{"loc":{"start":{"line":175,"column":12},"end":{"line":175,"column":56}},"type":"if","locations":[{"start":{"line":175,"column":12},"end":{"line":175,"column":56}},{"start":{},"end":{}}],"line":175},"7":{"loc":{"start":{"line":185,"column":12},"end":{"line":185,"column":56}},"type":"if","locations":[{"start":{"line":185,"column":12},"end":{"line":185,"column":56}},{"start":{},"end":{}}],"line":185},"8":{"loc":{"start":{"line":206,"column":12},"end":{"line":206,"column":56}},"type":"if","locations":[{"start":{"line":206,"column":12},"end":{"line":206,"column":56}},{"start":{},"end":{}}],"line":206},"9":{"loc":{"start":{"line":207,"column":12},"end":{"line":219,"column":13}},"type":"if","locations":[{"start":{"line":207,"column":12},"end":{"line":219,"column":13}},{"start":{"line":217,"column":19},"end":{"line":219,"column":13}}],"line":207},"10":{"loc":{"start":{"line":286,"column":6},"end":{"line":286,"column":49}},"type":"if","locations":[{"start":{"line":286,"column":6},"end":{"line":286,"column":49}},{"start":{},"end":{}}],"line":286}},"s":{"0":3,"1":3,"2":3,"3":3,"4":3,"5":3,"6":9,"7":9,"8":9,"9":1,"10":8,"11":3,"12":3,"13":3,"14":3,"15":1,"16":2,"17":2,"18":1,"19":1,"20":1,"21":1,"22":2,"23":5,"24":5,"25":5,"26":1,"27":4,"28":1,"29":1,"30":1,"31":0,"32":2,"33":2,"34":2,"35":2,"36":1,"37":1,"38":1,"39":2,"40":2,"41":2,"42":2,"43":2,"44":2,"45":2,"46":2,"47":2,"48":1,"49":1,"50":1,"51":1,"52":1,"53":1,"54":0,"55":1,"56":1,"57":1,"58":1,"59":1,"60":0,"61":3,"62":3,"63":3,"64":3,"65":3,"66":3,"67":2,"68":1,"69":0,"70":3,"71":1,"72":1,"73":2,"74":2,"75":2,"76":2,"77":2,"78":1,"79":1,"80":1,"81":2,"82":2,"83":2,"84":2,"85":1,"86":1,"87":1,"88":1,"89":1,"90":3,"91":3,"92":3,"93":3,"94":2,"95":1,"96":1,"97":1,"98":1,"99":1,"100":1,"101":0,"102":2,"103":2,"104":1,"105":1,"106":1,"107":1,"108":1,"109":1,"110":1,"111":1,"112":0,"113":1,"114":1,"115":1,"116":1,"117":0,"118":1,"119":0,"120":3},"f":{"0":9,"1":3,"2":5,"3":1,"4":2,"5":2,"6":1,"7":3,"8":2,"9":2,"10":3,"11":1,"12":1,"13":1},"b":{"0":[1,2],"1":[1,1],"2":[1,1],"3":[1,1],"4":[2,1],"5":[0,1],"6":[1,1],"7":[1,1],"8":[2,1],"9":[1,0],"10":[0,1]},"_coverageSchema":"1a1c01bbd47fc00a2c39e90264f33305004495a9","hash":"0cfe6fe26e8afa7970f36c0b73fbd52bd4f5f79d"}
,"E:\\FSJS\\Hacktiv8\\p3\\FProject\\schox-server\\helpers\\bcrypt.js": {"path":"E:\\FSJS\\Hacktiv8\\p3\\FProject\\schox-server\\helpers\\bcrypt.js","statementMap":{"0":{"start":{"line":1,"column":34},"end":{"line":1,"column":53}},"1":{"start":{"line":3,"column":21},"end":{"line":3,"column":56}},"2":{"start":{"line":3,"column":35},"end":{"line":3,"column":56}},"3":{"start":{"line":4,"column":24},"end":{"line":4,"column":77}},"4":{"start":{"line":4,"column":47},"end":{"line":4,"column":77}},"5":{"start":{"line":6,"column":0},"end":{"line":9,"column":2}}},"fnMap":{"0":{"name":"(anonymous_0)","decl":{"start":{"line":3,"column":21},"end":{"line":3,"column":22}},"loc":{"start":{"line":3,"column":35},"end":{"line":3,"column":56}},"line":3},"1":{"name":"(anonymous_1)","decl":{"start":{"line":4,"column":24},"end":{"line":4,"column":25}},"loc":{"start":{"line":4,"column":47},"end":{"line":4,"column":77}},"line":4}},"branchMap":{},"s":{"0":3,"1":3,"2":3,"3":3,"4":4,"5":3},"f":{"0":3,"1":4},"b":{},"_coverageSchema":"1a1c01bbd47fc00a2c39e90264f33305004495a9","hash":"c41ae356aed2adf132a8267612558a5b295b197d"}
,"E:\\FSJS\\Hacktiv8\\p3\\FProject\\schox-server\\helpers\\jwt.js": {"path":"E:\\FSJS\\Hacktiv8\\p3\\FProject\\schox-server\\helpers\\jwt.js","statementMap":{"0":{"start":{"line":1,"column":25},"end":{"line":1,"column":48}},"1":{"start":{"line":3,"column":18},"end":{"line":3,"column":67}},"2":{"start":{"line":3,"column":31},"end":{"line":3,"column":67}},"3":{"start":{"line":4,"column":20},"end":{"line":4,"column":67}},"4":{"start":{"line":4,"column":31},"end":{"line":4,"column":67}},"5":{"start":{"line":6,"column":0},"end":{"line":9,"column":2}}},"fnMap":{"0":{"name":"(anonymous_0)","decl":{"start":{"line":3,"column":18},"end":{"line":3,"column":19}},"loc":{"start":{"line":3,"column":31},"end":{"line":3,"column":67}},"line":3},"1":{"name":"(anonymous_1)","decl":{"start":{"line":4,"column":20},"end":{"line":4,"column":21}},"loc":{"start":{"line":4,"column":31},"end":{"line":4,"column":67}},"line":4}},"branchMap":{},"s":{"0":3,"1":3,"2":2,"3":3,"4":22,"5":3},"f":{"0":2,"1":22},"b":{},"_coverageSchema":"1a1c01bbd47fc00a2c39e90264f33305004495a9","hash":"3c4c0af1c5b5c7a20edaa10d2680ae64167fa828"}
,"E:\\FSJS\\Hacktiv8\\p3\\FProject\\schox-server\\middleware\\auth.js": {"path":"E:\\FSJS\\Hacktiv8\\p3\\FProject\\schox-server\\middleware\\auth.js","statementMap":{"0":{"start":{"line":1,"column":17},"end":{"line":1,"column":37}},"1":{"start":{"line":2,"column":24},"end":{"line":2,"column":49}},"2":{"start":{"line":5,"column":2},"end":{"line":16,"column":3}},"3":{"start":{"line":6,"column":27},"end":{"line":6,"column":38}},"4":{"start":{"line":7,"column":4},"end":{"line":7,"column":54}},"5":{"start":{"line":7,"column":23},"end":{"line":7,"column":54}},"6":{"start":{"line":8,"column":18},"end":{"line":8,"column":43}},"7":{"start":{"line":9,"column":15},"end":{"line":9,"column":46}},"8":{"start":{"line":10,"column":4},"end":{"line":10,"column":46}},"9":{"start":{"line":10,"column":15},"end":{"line":10,"column":46}},"10":{"start":{"line":11,"column":4},"end":{"line":11,"column":31}},"11":{"start":{"line":12,"column":4},"end":{"line":12,"column":11}},"12":{"start":{"line":14,"column":4},"end":{"line":14,"column":20}},"13":{"start":{"line":15,"column":4},"end":{"line":15,"column":14}},"14":{"start":{"line":20,"column":0},"end":{"line":20,"column":23}}},"fnMap":{"0":{"name":"authz","decl":{"start":{"line":4,"column":15},"end":{"line":4,"column":20}},"loc":{"start":{"line":4,"column":37},"end":{"line":18,"column":1}},"line":4}},"branchMap":{"0":{"loc":{"start":{"line":7,"column":4},"end":{"line":7,"column":54}},"type":"if","locations":[{"start":{"line":7,"column":4},"end":{"line":7,"column":54}},{"start":{},"end":{}}],"line":7},"1":{"loc":{"start":{"line":10,"column":4},"end":{"line":10,"column":46}},"type":"if","locations":[{"start":{"line":10,"column":4},"end":{"line":10,"column":46}},{"start":{},"end":{}}],"line":10}},"s":{"0":3,"1":3,"2":30,"3":30,"4":30,"5":8,"6":22,"7":14,"8":14,"9":0,"10":14,"11":14,"12":16,"13":16,"14":3},"f":{"0":30},"b":{"0":[8,22],"1":[0,14]},"_coverageSchema":"1a1c01bbd47fc00a2c39e90264f33305004495a9","hash":"c6f3d33b58ea0e60d6953704d278297223868ca8"}
,"E:\\FSJS\\Hacktiv8\\p3\\FProject\\schox-server\\middleware\\errHandler.js": {"path":"E:\\FSJS\\Hacktiv8\\p3\\FProject\\schox-server\\middleware\\errHandler.js","statementMap":{"0":{"start":{"line":1,"column":19},"end":{"line":35,"column":1}},"1":{"start":{"line":2,"column":15},"end":{"line":2,"column":18}},"2":{"start":{"line":3,"column":18},"end":{"line":3,"column":41}},"3":{"start":{"line":5,"column":4},"end":{"line":32,"column":5}},"4":{"start":{"line":6,"column":8},"end":{"line":6,"column":18}},"5":{"start":{"line":7,"column":8},"end":{"line":7,"column":39}},"6":{"start":{"line":8,"column":11},"end":{"line":32,"column":5}},"7":{"start":{"line":9,"column":8},"end":{"line":9,"column":18}},"8":{"start":{"line":10,"column":8},"end":{"line":10,"column":42}},"9":{"start":{"line":11,"column":11},"end":{"line":32,"column":5}},"10":{"start":{"line":12,"column":8},"end":{"line":12,"column":18}},"11":{"start":{"line":13,"column":8},"end":{"line":13,"column":33}},"12":{"start":{"line":14,"column":11},"end":{"line":32,"column":5}},"13":{"start":{"line":15,"column":8},"end":{"line":15,"column":18}},"14":{"start":{"line":16,"column":8},"end":{"line":16,"column":32}},"15":{"start":{"line":17,"column":11},"end":{"line":32,"column":5}},"16":{"start":{"line":18,"column":8},"end":{"line":18,"column":18}},"17":{"start":{"line":19,"column":8},"end":{"line":19,"column":34}},"18":{"start":{"line":20,"column":11},"end":{"line":32,"column":5}},"19":{"start":{"line":21,"column":8},"end":{"line":21,"column":18}},"20":{"start":{"line":22,"column":8},"end":{"line":22,"column":34}},"21":{"start":{"line":23,"column":11},"end":{"line":32,"column":5}},"22":{"start":{"line":24,"column":8},"end":{"line":24,"column":18}},"23":{"start":{"line":25,"column":8},"end":{"line":25,"column":52}},"24":{"start":{"line":26,"column":11},"end":{"line":32,"column":5}},"25":{"start":{"line":27,"column":8},"end":{"line":27,"column":18}},"26":{"start":{"line":28,"column":8},"end":{"line":28,"column":36}},"27":{"start":{"line":29,"column":11},"end":{"line":32,"column":5}},"28":{"start":{"line":30,"column":8},"end":{"line":30,"column":18}},"29":{"start":{"line":31,"column":8},"end":{"line":31,"column":40}},"30":{"start":{"line":34,"column":4},"end":{"line":34,"column":39}},"31":{"start":{"line":37,"column":0},"end":{"line":37,"column":27}}},"fnMap":{"0":{"name":"(anonymous_0)","decl":{"start":{"line":1,"column":19},"end":{"line":1,"column":20}},"loc":{"start":{"line":1,"column":44},"end":{"line":35,"column":1}},"line":1}},"branchMap":{"0":{"loc":{"start":{"line":5,"column":4},"end":{"line":32,"column":5}},"type":"if","locations":[{"start":{"line":5,"column":4},"end":{"line":32,"column":5}},{"start":{"line":8,"column":11},"end":{"line":32,"column":5}}],"line":5},"1":{"loc":{"start":{"line":5,"column":8},"end":{"line":5,"column":96}},"type":"binary-expr","locations":[{"start":{"line":5,"column":8},"end":{"line":5,"column":47}},{"start":{"line":5,"column":51},"end":{"line":5,"column":96}}],"line":5},"2":{"loc":{"start":{"line":8,"column":11},"end":{"line":32,"column":5}},"type":"if","locations":[{"start":{"line":8,"column":11},"end":{"line":32,"column":5}},{"start":{"line":11,"column":11},"end":{"line":32,"column":5}}],"line":8},"3":{"loc":{"start":{"line":11,"column":11},"end":{"line":32,"column":5}},"type":"if","locations":[{"start":{"line":11,"column":11},"end":{"line":32,"column":5}},{"start":{"line":14,"column":11},"end":{"line":32,"column":5}}],"line":11},"4":{"loc":{"start":{"line":11,"column":15},"end":{"line":11,"column":83}},"type":"binary-expr","locations":[{"start":{"line":11,"column":15},"end":{"line":11,"column":47}},{"start":{"line":11,"column":51},"end":{"line":11,"column":83}}],"line":11},"5":{"loc":{"start":{"line":14,"column":11},"end":{"line":32,"column":5}},"type":"if","locations":[{"start":{"line":14,"column":11},"end":{"line":32,"column":5}},{"start":{"line":17,"column":11},"end":{"line":32,"column":5}}],"line":14},"6":{"loc":{"start":{"line":17,"column":11},"end":{"line":32,"column":5}},"type":"if","locations":[{"start":{"line":17,"column":11},"end":{"line":32,"column":5}},{"start":{"line":20,"column":11},"end":{"line":32,"column":5}}],"line":17},"7":{"loc":{"start":{"line":20,"column":11},"end":{"line":32,"column":5}},"type":"if","locations":[{"start":{"line":20,"column":11},"end":{"line":32,"column":5}},{"start":{"line":23,"column":11},"end":{"line":32,"column":5}}],"line":20},"8":{"loc":{"start":{"line":23,"column":11},"end":{"line":32,"column":5}},"type":"if","locations":[{"start":{"line":23,"column":11},"end":{"line":32,"column":5}},{"start":{"line":26,"column":11},"end":{"line":32,"column":5}}],"line":23},"9":{"loc":{"start":{"line":26,"column":11},"end":{"line":32,"column":5}},"type":"if","locations":[{"start":{"line":26,"column":11},"end":{"line":32,"column":5}},{"start":{"line":29,"column":11},"end":{"line":32,"column":5}}],"line":26},"10":{"loc":{"start":{"line":29,"column":11},"end":{"line":32,"column":5}},"type":"if","locations":[{"start":{"line":29,"column":11},"end":{"line":32,"column":5}},{"start":{},"end":{}}],"line":29}},"s":{"0":3,"1":55,"2":55,"3":55,"4":14,"5":14,"6":41,"7":4,"8":4,"9":37,"10":8,"11":8,"12":29,"13":8,"14":8,"15":21,"16":5,"17":5,"18":16,"19":4,"20":4,"21":12,"22":2,"23":2,"24":10,"25":4,"26":4,"27":6,"28":0,"29":0,"30":55,"31":3},"f":{"0":55},"b":{"0":[14,41],"1":[55,41],"2":[4,37],"3":[8,29],"4":[37,29],"5":[8,21],"6":[5,16],"7":[4,12],"8":[2,10],"9":[4,6],"10":[0,6]},"_coverageSchema":"1a1c01bbd47fc00a2c39e90264f33305004495a9","hash":"b10af023558b731bb7d8ee09f4bfba90549b2112"}
,"E:\\FSJS\\Hacktiv8\\p3\\FProject\\schox-server\\models\\driver.js": {"path":"E:\\FSJS\\Hacktiv8\\p3\\FProject\\schox-server\\models\\driver.js","statementMap":{"0":{"start":{"line":4,"column":4},"end":{"line":4,"column":24}},"1":{"start":{"line":5,"column":23},"end":{"line":5,"column":51}},"2":{"start":{"line":6,"column":0},"end":{"line":73,"column":2}},"3":{"start":{"line":15,"column":6},"end":{"line":15,"column":86}},"4":{"start":{"line":18,"column":2},"end":{"line":68,"column":5}},"5":{"start":{"line":69,"column":2},"end":{"line":71,"column":4}},"6":{"start":{"line":70,"column":4},"end":{"line":70,"column":51}},"7":{"start":{"line":72,"column":2},"end":{"line":72,"column":16}}},"fnMap":{"0":{"name":"(anonymous_0)","decl":{"start":{"line":6,"column":17},"end":{"line":6,"column":18}},"loc":{"start":{"line":6,"column":43},"end":{"line":73,"column":1}},"line":6},"1":{"name":"(anonymous_1)","decl":{"start":{"line":13,"column":4},"end":{"line":13,"column":5}},"loc":{"start":{"line":13,"column":29},"end":{"line":16,"column":5}},"line":13},"2":{"name":"(anonymous_2)","decl":{"start":{"line":69,"column":22},"end":{"line":69,"column":23}},"loc":{"start":{"line":69,"column":43},"end":{"line":71,"column":3}},"line":69}},"branchMap":{},"s":{"0":3,"1":3,"2":3,"3":3,"4":3,"5":3,"6":0,"7":3},"f":{"0":3,"1":3,"2":0},"b":{},"_coverageSchema":"1a1c01bbd47fc00a2c39e90264f33305004495a9","hash":"1b6a061ef0a1e7cd03a4bd44e8246c1d466835d2"}
,"E:\\FSJS\\Hacktiv8\\p3\\FProject\\schox-server\\models\\index.js": {"path":"E:\\FSJS\\Hacktiv8\\p3\\FProject\\schox-server\\models\\index.js","statementMap":{"0":{"start":{"line":3,"column":11},"end":{"line":3,"column":24}},"1":{"start":{"line":4,"column":13},"end":{"line":4,"column":28}},"2":{"start":{"line":5,"column":18},"end":{"line":5,"column":38}},"3":{"start":{"line":6,"column":17},"end":{"line":6,"column":42}},"4":{"start":{"line":7,"column":12},"end":{"line":7,"column":49}},"5":{"start":{"line":8,"column":15},"end":{"line":8,"column":65}},"6":{"start":{"line":9,"column":11},"end":{"line":9,"column":13}},"7":{"start":{"line":12,"column":0},"end":{"line":16,"column":1}},"8":{"start":{"line":13,"column":2},"end":{"line":13,"column":74}},"9":{"start":{"line":15,"column":2},"end":{"line":15,"column":87}},"10":{"start":{"line":18,"column":0},"end":{"line":26,"column":5}},"11":{"start":{"line":21,"column":4},"end":{"line":21,"column":90}},"12":{"start":{"line":24,"column":18},"end":{"line":24,"column":85}},"13":{"start":{"line":25,"column":4},"end":{"line":25,"column":27}},"14":{"start":{"line":28,"column":0},"end":{"line":32,"column":3}},"15":{"start":{"line":29,"column":2},"end":{"line":31,"column":3}},"16":{"start":{"line":30,"column":4},"end":{"line":30,"column":32}},"17":{"start":{"line":34,"column":0},"end":{"line":34,"column":25}},"18":{"start":{"line":35,"column":0},"end":{"line":35,"column":25}},"19":{"start":{"line":37,"column":0},"end":{"line":37,"column":20}}},"fnMap":{"0":{"name":"(anonymous_0)","decl":{"start":{"line":20,"column":10},"end":{"line":20,"column":11}},"loc":{"start":{"line":20,"column":18},"end":{"line":22,"column":3}},"line":20},"1":{"name":"(anonymous_1)","decl":{"start":{"line":23,"column":11},"end":{"line":23,"column":12}},"loc":{"start":{"line":23,"column":19},"end":{"line":26,"column":3}},"line":23},"2":{"name":"(anonymous_2)","decl":{"start":{"line":28,"column":24},"end":{"line":28,"column":25}},"loc":{"start":{"line":28,"column":37},"end":{"line":32,"column":1}},"line":28}},"branchMap":{"0":{"loc":{"start":{"line":7,"column":12},"end":{"line":7,"column":49}},"type":"binary-expr","locations":[{"start":{"line":7,"column":12},"end":{"line":7,"column":32}},{"start":{"line":7,"column":36},"end":{"line":7,"column":49}}],"line":7},"1":{"loc":{"start":{"line":12,"column":0},"end":{"line":16,"column":1}},"type":"if","locations":[{"start":{"line":12,"column":0},"end":{"line":16,"column":1}},{"start":{"line":14,"column":7},"end":{"line":16,"column":1}}],"line":12},"2":{"loc":{"start":{"line":21,"column":11},"end":{"line":21,"column":89}},"type":"binary-expr","locations":[{"start":{"line":21,"column":12},"end":{"line":21,"column":35}},{"start":{"line":21,"column":41},"end":{"line":21,"column":58}},{"start":{"line":21,"column":64},"end":{"line":21,"column":88}}],"line":21},"3":{"loc":{"start":{"line":29,"column":2},"end":{"line":31,"column":3}},"type":"if","locations":[{"start":{"line":29,"column":2},"end":{"line":31,"column":3}},{"start":{},"end":{}}],"line":29}},"s":{"0":3,"1":3,"2":3,"3":3,"4":3,"5":3,"6":3,"7":3,"8":0,"9":3,"10":3,"11":21,"12":18,"13":18,"14":3,"15":18,"16":18,"17":3,"18":3,"19":3},"f":{"0":21,"1":18,"2":18},"b":{"0":[3,0],"1":[0,3],"2":[21,21,18],"3":[18,0]},"_coverageSchema":"1a1c01bbd47fc00a2c39e90264f33305004495a9","hash":"a858a93654264980e3ccba92c25497e032494137"}
,"E:\\FSJS\\Hacktiv8\\p3\\FProject\\schox-server\\models\\school.js": {"path":"E:\\FSJS\\Hacktiv8\\p3\\FProject\\schox-server\\models\\school.js","statementMap":{"0":{"start":{"line":4,"column":4},"end":{"line":4,"column":24}},"1":{"start":{"line":5,"column":0},"end":{"line":55,"column":2}},"2":{"start":{"line":14,"column":6},"end":{"line":14,"column":41}},"3":{"start":{"line":17,"column":2},"end":{"line":53,"column":5}},"4":{"start":{"line":54,"column":2},"end":{"line":54,"column":16}}},"fnMap":{"0":{"name":"(anonymous_0)","decl":{"start":{"line":5,"column":17},"end":{"line":5,"column":18}},"loc":{"start":{"line":5,"column":43},"end":{"line":55,"column":1}},"line":5},"1":{"name":"(anonymous_1)","decl":{"start":{"line":12,"column":4},"end":{"line":12,"column":5}},"loc":{"start":{"line":12,"column":29},"end":{"line":15,"column":5}},"line":12}},"branchMap":{},"s":{"0":3,"1":3,"2":3,"3":3,"4":3},"f":{"0":3,"1":3},"b":{},"_coverageSchema":"1a1c01bbd47fc00a2c39e90264f33305004495a9","hash":"bcecb5caef27d6e3ddd7800692c1265067d4cab6"}
,"E:\\FSJS\\Hacktiv8\\p3\\FProject\\schox-server\\models\\shuttlerecord.js": {"path":"E:\\FSJS\\Hacktiv8\\p3\\FProject\\schox-server\\models\\shuttlerecord.js","statementMap":{"0":{"start":{"line":4,"column":4},"end":{"line":4,"column":24}},"1":{"start":{"line":5,"column":0},"end":{"line":33,"column":2}},"2":{"start":{"line":14,"column":6},"end":{"line":14,"column":50}},"3":{"start":{"line":17,"column":2},"end":{"line":31,"column":5}},"4":{"start":{"line":32,"column":2},"end":{"line":32,"column":23}}},"fnMap":{"0":{"name":"(anonymous_0)","decl":{"start":{"line":5,"column":17},"end":{"line":5,"column":18}},"loc":{"start":{"line":5,"column":43},"end":{"line":33,"column":1}},"line":5},"1":{"name":"(anonymous_1)","decl":{"start":{"line":12,"column":4},"end":{"line":12,"column":5}},"loc":{"start":{"line":12,"column":29},"end":{"line":15,"column":5}},"line":12}},"branchMap":{},"s":{"0":3,"1":3,"2":3,"3":3,"4":3},"f":{"0":3,"1":3},"b":{},"_coverageSchema":"1a1c01bbd47fc00a2c39e90264f33305004495a9","hash":"8817da66288cebc0a78a9776c0d25684e613b0f4"}
,"E:\\FSJS\\Hacktiv8\\p3\\FProject\\schox-server\\models\\subscription.js": {"path":"E:\\FSJS\\Hacktiv8\\p3\\FProject\\schox-server\\models\\subscription.js","statementMap":{"0":{"start":{"line":4,"column":4},"end":{"line":4,"column":24}},"1":{"start":{"line":5,"column":0},"end":{"line":58,"column":2}},"2":{"start":{"line":14,"column":6},"end":{"line":14,"column":43}},"3":{"start":{"line":15,"column":6},"end":{"line":15,"column":38}},"4":{"start":{"line":16,"column":6},"end":{"line":16,"column":43}},"5":{"start":{"line":19,"column":2},"end":{"line":56,"column":5}},"6":{"start":{"line":57,"column":2},"end":{"line":57,"column":22}}},"fnMap":{"0":{"name":"(anonymous_0)","decl":{"start":{"line":5,"column":17},"end":{"line":5,"column":18}},"loc":{"start":{"line":5,"column":43},"end":{"line":58,"column":1}},"line":5},"1":{"name":"(anonymous_1)","decl":{"start":{"line":12,"column":4},"end":{"line":12,"column":5}},"loc":{"start":{"line":12,"column":29},"end":{"line":17,"column":5}},"line":12}},"branchMap":{},"s":{"0":3,"1":3,"2":3,"3":3,"4":3,"5":3,"6":3},"f":{"0":3,"1":3},"b":{},"_coverageSchema":"1a1c01bbd47fc00a2c39e90264f33305004495a9","hash":"d0cb24c0e988478d3aaf2ba712e3b350f987279b"}
,"E:\\FSJS\\Hacktiv8\\p3\\FProject\\schox-server\\models\\topup.js": {"path":"E:\\FSJS\\Hacktiv8\\p3\\FProject\\schox-server\\models\\topup.js","statementMap":{"0":{"start":{"line":2,"column":18},"end":{"line":2,"column":38}},"1":{"start":{"line":3,"column":0},"end":{"line":32,"column":2}},"2":{"start":{"line":12,"column":6},"end":{"line":12,"column":35}},"3":{"start":{"line":15,"column":2},"end":{"line":30,"column":4}},"4":{"start":{"line":31,"column":2},"end":{"line":31,"column":15}}},"fnMap":{"0":{"name":"(anonymous_0)","decl":{"start":{"line":3,"column":17},"end":{"line":3,"column":18}},"loc":{"start":{"line":3,"column":43},"end":{"line":32,"column":1}},"line":3},"1":{"name":"(anonymous_1)","decl":{"start":{"line":10,"column":4},"end":{"line":10,"column":5}},"loc":{"start":{"line":10,"column":29},"end":{"line":13,"column":5}},"line":10}},"branchMap":{},"s":{"0":3,"1":3,"2":3,"3":3,"4":3},"f":{"0":3,"1":3},"b":{},"_coverageSchema":"1a1c01bbd47fc00a2c39e90264f33305004495a9","hash":"84f3d19a1e9a18466fd8a69cc7f959c17988c848"}
,"E:\\FSJS\\Hacktiv8\\p3\\FProject\\schox-server\\models\\user.js": {"path":"E:\\FSJS\\Hacktiv8\\p3\\FProject\\schox-server\\models\\user.js","statementMap":{"0":{"start":{"line":2,"column":18},"end":{"line":2,"column":38}},"1":{"start":{"line":3,"column":25},"end":{"line":3,"column":53}},"2":{"start":{"line":4,"column":0},"end":{"line":115,"column":2}},"3":{"start":{"line":13,"column":6},"end":{"line":16,"column":9}},"4":{"start":{"line":17,"column":6},"end":{"line":20,"column":9}},"5":{"start":{"line":23,"column":2},"end":{"line":110,"column":4}},"6":{"start":{"line":111,"column":2},"end":{"line":113,"column":5}},"7":{"start":{"line":112,"column":4},"end":{"line":112,"column":48}},"8":{"start":{"line":114,"column":2},"end":{"line":114,"column":14}}},"fnMap":{"0":{"name":"(anonymous_0)","decl":{"start":{"line":4,"column":17},"end":{"line":4,"column":18}},"loc":{"start":{"line":4,"column":43},"end":{"line":115,"column":1}},"line":4},"1":{"name":"(anonymous_1)","decl":{"start":{"line":11,"column":4},"end":{"line":11,"column":5}},"loc":{"start":{"line":11,"column":29},"end":{"line":21,"column":5}},"line":11},"2":{"name":"(anonymous_2)","decl":{"start":{"line":111,"column":20},"end":{"line":111,"column":21}},"loc":{"start":{"line":111,"column":39},"end":{"line":113,"column":3}},"line":111}},"branchMap":{},"s":{"0":3,"1":3,"2":3,"3":3,"4":3,"5":3,"6":3,"7":3,"8":3},"f":{"0":3,"1":3,"2":3},"b":{},"_coverageSchema":"1a1c01bbd47fc00a2c39e90264f33305004495a9","hash":"3210529f23cc0ca85560227f49b36f836d99a10a"}
,"E:\\FSJS\\Hacktiv8\\p3\\FProject\\schox-server\\routes\\driver.js": {"path":"E:\\FSJS\\Hacktiv8\\p3\\FProject\\schox-server\\routes\\driver.js","statementMap":{"0":{"start":{"line":1,"column":27},"end":{"line":1,"column":69}},"1":{"start":{"line":2,"column":15},"end":{"line":2,"column":42}},"2":{"start":{"line":5,"column":0},"end":{"line":5,"column":45}},"3":{"start":{"line":6,"column":0},"end":{"line":6,"column":67}},"4":{"start":{"line":7,"column":0},"end":{"line":7,"column":44}},"5":{"start":{"line":8,"column":0},"end":{"line":8,"column":52}},"6":{"start":{"line":10,"column":0},"end":{"line":10,"column":55}},"7":{"start":{"line":12,"column":0},"end":{"line":12,"column":51}},"8":{"start":{"line":14,"column":0},"end":{"line":14,"column":23}}},"fnMap":{},"branchMap":{},"s":{"0":3,"1":3,"2":3,"3":3,"4":3,"5":3,"6":3,"7":3,"8":3},"f":{},"b":{},"_coverageSchema":"1a1c01bbd47fc00a2c39e90264f33305004495a9","hash":"e84759cfc6bde47fb3d221b74e791fecd5259539"}
,"E:\\FSJS\\Hacktiv8\\p3\\FProject\\schox-server\\routes\\index.js": {"path":"E:\\FSJS\\Hacktiv8\\p3\\FProject\\schox-server\\routes\\index.js","statementMap":{"0":{"start":{"line":1,"column":15},"end":{"line":1,"column":34}},"1":{"start":{"line":2,"column":13},"end":{"line":2,"column":30}},"2":{"start":{"line":3,"column":15},"end":{"line":3,"column":34}},"3":{"start":{"line":4,"column":15},"end":{"line":4,"column":42}},"4":{"start":{"line":6,"column":0},"end":{"line":6,"column":26}},"5":{"start":{"line":7,"column":0},"end":{"line":7,"column":30}},"6":{"start":{"line":8,"column":0},"end":{"line":8,"column":30}},"7":{"start":{"line":10,"column":0},"end":{"line":10,"column":23}}},"fnMap":{},"branchMap":{},"s":{"0":3,"1":3,"2":3,"3":3,"4":3,"5":3,"6":3,"7":3},"f":{},"b":{},"_coverageSchema":"1a1c01bbd47fc00a2c39e90264f33305004495a9","hash":"46c4fbf77b9ddcf4c907a7aedbaa0b9726c5ddaf"}
,"E:\\FSJS\\Hacktiv8\\p3\\FProject\\schox-server\\routes\\record.js": {"path":"E:\\FSJS\\Hacktiv8\\p3\\FProject\\schox-server\\routes\\record.js","statementMap":{"0":{"start":{"line":1,"column":25},"end":{"line":1,"column":67}},"1":{"start":{"line":2,"column":15},"end":{"line":2,"column":42}},"2":{"start":{"line":6,"column":0},"end":{"line":6,"column":56}},"3":{"start":{"line":7,"column":0},"end":{"line":7,"column":58}},"4":{"start":{"line":9,"column":0},"end":{"line":9,"column":71}},"5":{"start":{"line":10,"column":0},"end":{"line":10,"column":73}},"6":{"start":{"line":12,"column":0},"end":{"line":12,"column":70}},"7":{"start":{"line":13,"column":0},"end":{"line":13,"column":72}},"8":{"start":{"line":15,"column":0},"end":{"line":15,"column":23}}},"fnMap":{},"branchMap":{},"s":{"0":3,"1":3,"2":3,"3":3,"4":3,"5":3,"6":3,"7":3,"8":3},"f":{},"b":{},"_coverageSchema":"1a1c01bbd47fc00a2c39e90264f33305004495a9","hash":"4c5645b0ceddb45a44c0fcf1b8a12230d9312811"}
,"E:\\FSJS\\Hacktiv8\\p3\\FProject\\schox-server\\routes\\user.js": {"path":"E:\\FSJS\\Hacktiv8\\p3\\FProject\\schox-server\\routes\\user.js","statementMap":{"0":{"start":{"line":1,"column":23},"end":{"line":1,"column":63}},"1":{"start":{"line":2,"column":14},"end":{"line":2,"column":43}},"2":{"start":{"line":3,"column":13},"end":{"line":3,"column":40}},"3":{"start":{"line":5,"column":0},"end":{"line":5,"column":47}},"4":{"start":{"line":6,"column":0},"end":{"line":6,"column":41}},"5":{"start":{"line":7,"column":0},"end":{"line":7,"column":51}},"6":{"start":{"line":8,"column":0},"end":{"line":8,"column":49}},"7":{"start":{"line":9,"column":0},"end":{"line":9,"column":48}},"8":{"start":{"line":10,"column":0},"end":{"line":10,"column":56}},"9":{"start":{"line":12,"column":0},"end":{"line":12,"column":16}},"10":{"start":{"line":14,"column":0},"end":{"line":14,"column":42}},"11":{"start":{"line":16,"column":0},"end":{"line":16,"column":61}},"12":{"start":{"line":17,"column":0},"end":{"line":17,"column":57}},"13":{"start":{"line":18,"column":0},"end":{"line":18,"column":61}},"14":{"start":{"line":20,"column":0},"end":{"line":20,"column":63}},"15":{"start":{"line":21,"column":0},"end":{"line":21,"column":68}},"16":{"start":{"line":23,"column":0},"end":{"line":23,"column":47}},"17":{"start":{"line":25,"column":0},"end":{"line":25,"column":22}}},"fnMap":{},"branchMap":{},"s":{"0":3,"1":3,"2":3,"3":3,"4":3,"5":3,"6":3,"7":3,"8":3,"9":3,"10":3,"11":3,"12":3,"13":3,"14":3,"15":3,"16":3,"17":3},"f":{},"b":{},"_coverageSchema":"1a1c01bbd47fc00a2c39e90264f33305004495a9","hash":"e2b1d2057dc5bd56410f552becfd78f0b5aa254d"}
}
