{"C:\\Users\\Ridho\\Desktop\\Hacktiv8\\schox-server\\app.js": {"path":"C:\\Users\\Ridho\\Desktop\\Hacktiv8\\schox-server\\app.js","statementMap":{"0":{"start":{"line":1,"column":0},"end":{"line":3,"column":1}},"1":{"start":{"line":2,"column":4},"end":{"line":2,"column":31}},"2":{"start":{"line":4,"column":16},"end":{"line":4,"column":34}},"3":{"start":{"line":5,"column":13},"end":{"line":5,"column":28}},"4":{"start":{"line":6,"column":19},"end":{"line":6,"column":53}},"5":{"start":{"line":7,"column":15},"end":{"line":7,"column":34}},"6":{"start":{"line":8,"column":12},"end":{"line":8,"column":21}},"7":{"start":{"line":10,"column":0},"end":{"line":10,"column":15}},"8":{"start":{"line":11,"column":0},"end":{"line":11,"column":48}},"9":{"start":{"line":12,"column":0},"end":{"line":12,"column":23}},"10":{"start":{"line":14,"column":0},"end":{"line":14,"column":20}},"11":{"start":{"line":16,"column":0},"end":{"line":16,"column":19}},"12":{"start":{"line":19,"column":0},"end":{"line":19,"column":20}}},"fnMap":{},"branchMap":{"0":{"loc":{"start":{"line":1,"column":0},"end":{"line":3,"column":1}},"type":"if","locations":[{"start":{"line":1,"column":0},"end":{"line":3,"column":1}},{"start":{},"end":{}}],"line":1}},"s":{"0":1,"1":1,"2":1,"3":1,"4":1,"5":1,"6":1,"7":1,"8":1,"9":1,"10":1,"11":1,"12":1},"f":{},"b":{"0":[1,0]},"_coverageSchema":"1a1c01bbd47fc00a2c39e90264f33305004495a9","hash":"1f90f73738b039eefab97d4540e27607af82321f"}
,"C:\\Users\\Ridho\\Desktop\\Hacktiv8\\schox-server\\controllers\\DriverController.js": {"path":"C:\\Users\\Ridho\\Desktop\\Hacktiv8\\schox-server\\controllers\\DriverController.js","statementMap":{"0":{"start":{"line":1,"column":26},"end":{"line":1,"column":54}},"1":{"start":{"line":2,"column":20},"end":{"line":2,"column":45}},"2":{"start":{"line":3,"column":19},"end":{"line":3,"column":39}},"3":{"start":{"line":8,"column":8},"end":{"line":19,"column":9}},"4":{"start":{"line":9,"column":40},"end":{"line":9,"column":48}},"5":{"start":{"line":10,"column":31},"end":{"line":10,"column":73}},"6":{"start":{"line":11,"column":12},"end":{"line":11,"column":72}},"7":{"start":{"line":11,"column":29},"end":{"line":11,"column":72}},"8":{"start":{"line":12,"column":28},"end":{"line":12,"column":74}},"9":{"start":{"line":13,"column":12},"end":{"line":13,"column":69}},"10":{"start":{"line":13,"column":26},"end":{"line":13,"column":69}},"11":{"start":{"line":14,"column":28},"end":{"line":14,"column":49}},"12":{"start":{"line":15,"column":33},"end":{"line":15,"column":51}},"13":{"start":{"line":16,"column":12},"end":{"line":16,"column":44}},"14":{"start":{"line":18,"column":12},"end":{"line":18,"column":21}},"15":{"start":{"line":23,"column":8},"end":{"line":32,"column":9}},"16":{"start":{"line":24,"column":33},"end":{"line":24,"column":43}},"17":{"start":{"line":25,"column":32},"end":{"line":25,"column":40}},"18":{"start":{"line":26,"column":27},"end":{"line":26,"column":58}},"19":{"start":{"line":27,"column":12},"end":{"line":27,"column":54}},"20":{"start":{"line":27,"column":25},"end":{"line":27,"column":54}},"21":{"start":{"line":28,"column":12},"end":{"line":28,"column":73}},"22":{"start":{"line":29,"column":12},"end":{"line":29,"column":106}},"23":{"start":{"line":31,"column":12},"end":{"line":31,"column":21}},"24":{"start":{"line":36,"column":8},"end":{"line":41,"column":9}},"25":{"start":{"line":37,"column":28},"end":{"line":37,"column":50}},"26":{"start":{"line":38,"column":12},"end":{"line":38,"column":41}},"27":{"start":{"line":40,"column":12},"end":{"line":40,"column":21}},"28":{"start":{"line":45,"column":8},"end":{"line":52,"column":9}},"29":{"start":{"line":46,"column":27},"end":{"line":46,"column":37}},"30":{"start":{"line":47,"column":27},"end":{"line":47,"column":52}},"31":{"start":{"line":48,"column":12},"end":{"line":48,"column":54}},"32":{"start":{"line":48,"column":25},"end":{"line":48,"column":54}},"33":{"start":{"line":49,"column":12},"end":{"line":49,"column":40}},"34":{"start":{"line":51,"column":12},"end":{"line":51,"column":21}},"35":{"start":{"line":56,"column":8},"end":{"line":63,"column":9}},"36":{"start":{"line":57,"column":27},"end":{"line":57,"column":37}},"37":{"start":{"line":58,"column":37},"end":{"line":58,"column":45}},"38":{"start":{"line":59,"column":12},"end":{"line":59,"column":68}},"39":{"start":{"line":60,"column":12},"end":{"line":60,"column":77}},"40":{"start":{"line":62,"column":12},"end":{"line":62,"column":21}},"41":{"start":{"line":67,"column":0},"end":{"line":69,"column":2}}},"fnMap":{"0":{"name":"(anonymous_0)","decl":{"start":{"line":7,"column":4},"end":{"line":7,"column":5}},"loc":{"start":{"line":7,"column":39},"end":{"line":20,"column":5}},"line":7},"1":{"name":"(anonymous_1)","decl":{"start":{"line":22,"column":4},"end":{"line":22,"column":5}},"loc":{"start":{"line":22,"column":47},"end":{"line":33,"column":5}},"line":22},"2":{"name":"(anonymous_2)","decl":{"start":{"line":35,"column":4},"end":{"line":35,"column":5}},"loc":{"start":{"line":35,"column":44},"end":{"line":42,"column":5}},"line":35},"3":{"name":"(anonymous_3)","decl":{"start":{"line":44,"column":4},"end":{"line":44,"column":5}},"loc":{"start":{"line":44,"column":49},"end":{"line":53,"column":5}},"line":44},"4":{"name":"(anonymous_4)","decl":{"start":{"line":55,"column":4},"end":{"line":55,"column":5}},"loc":{"start":{"line":55,"column":46},"end":{"line":64,"column":5}},"line":55}},"branchMap":{"0":{"loc":{"start":{"line":11,"column":12},"end":{"line":11,"column":72}},"type":"if","locations":[{"start":{"line":11,"column":12},"end":{"line":11,"column":72}},{"start":{},"end":{}}],"line":11},"1":{"loc":{"start":{"line":13,"column":12},"end":{"line":13,"column":69}},"type":"if","locations":[{"start":{"line":13,"column":12},"end":{"line":13,"column":69}},{"start":{},"end":{}}],"line":13},"2":{"loc":{"start":{"line":27,"column":12},"end":{"line":27,"column":54}},"type":"if","locations":[{"start":{"line":27,"column":12},"end":{"line":27,"column":54}},{"start":{},"end":{}}],"line":27},"3":{"loc":{"start":{"line":48,"column":12},"end":{"line":48,"column":54}},"type":"if","locations":[{"start":{"line":48,"column":12},"end":{"line":48,"column":54}},{"start":{},"end":{}}],"line":48}},"s":{"0":1,"1":1,"2":1,"3":0,"4":0,"5":0,"6":0,"7":0,"8":0,"9":0,"10":0,"11":0,"12":0,"13":0,"14":0,"15":0,"16":0,"17":0,"18":0,"19":0,"20":0,"21":0,"22":0,"23":0,"24":0,"25":0,"26":0,"27":0,"28":0,"29":0,"30":0,"31":0,"32":0,"33":0,"34":0,"35":0,"36":0,"37":0,"38":0,"39":0,"40":0,"41":1},"f":{"0":0,"1":0,"2":0,"3":0,"4":0},"b":{"0":[0,0],"1":[0,0],"2":[0,0],"3":[0,0]},"_coverageSchema":"1a1c01bbd47fc00a2c39e90264f33305004495a9","hash":"7b54d670ffe3e576c03241cdec504defe6fa16a7"}
,"C:\\Users\\Ridho\\Desktop\\Hacktiv8\\schox-server\\controllers\\UserController.js": {"path":"C:\\Users\\Ridho\\Desktop\\Hacktiv8\\schox-server\\controllers\\UserController.js","statementMap":{"0":{"start":{"line":1,"column":26},"end":{"line":1,"column":54}},"1":{"start":{"line":2,"column":20},"end":{"line":2,"column":45}},"2":{"start":{"line":3,"column":39},"end":{"line":3,"column":59}},"3":{"start":{"line":4,"column":22},"end":{"line":4,"column":42}},"4":{"start":{"line":5,"column":15},"end":{"line":5,"column":32}},"5":{"start":{"line":6,"column":17},"end":{"line":6,"column":43}},"6":{"start":{"line":10,"column":8},"end":{"line":40,"column":9}},"7":{"start":{"line":20,"column":16},"end":{"line":20,"column":24}},"8":{"start":{"line":22,"column":31},"end":{"line":32,"column":14}},"9":{"start":{"line":33,"column":12},"end":{"line":36,"column":15}},"10":{"start":{"line":38,"column":12},"end":{"line":38,"column":29}},"11":{"start":{"line":39,"column":12},"end":{"line":39,"column":22}},"12":{"start":{"line":43,"column":8},"end":{"line":56,"column":9}},"13":{"start":{"line":44,"column":40},"end":{"line":44,"column":48}},"14":{"start":{"line":45,"column":29},"end":{"line":45,"column":69}},"15":{"start":{"line":46,"column":12},"end":{"line":46,"column":63}},"16":{"start":{"line":46,"column":27},"end":{"line":46,"column":63}},"17":{"start":{"line":47,"column":28},"end":{"line":47,"column":72}},"18":{"start":{"line":48,"column":12},"end":{"line":48,"column":62}},"19":{"start":{"line":48,"column":26},"end":{"line":48,"column":62}},"20":{"start":{"line":50,"column":28},"end":{"line":50,"column":47}},"21":{"start":{"line":51,"column":33},"end":{"line":51,"column":51}},"22":{"start":{"line":53,"column":12},"end":{"line":53,"column":49}},"23":{"start":{"line":55,"column":12},"end":{"line":55,"column":22}},"24":{"start":{"line":60,"column":8},"end":{"line":66,"column":9}},"25":{"start":{"line":61,"column":59},"end":{"line":61,"column":67}},"26":{"start":{"line":62,"column":12},"end":{"line":62,"column":71}},"27":{"start":{"line":63,"column":12},"end":{"line":63,"column":68}},"28":{"start":{"line":65,"column":12},"end":{"line":65,"column":21}},"29":{"start":{"line":72,"column":8},"end":{"line":79,"column":9}},"30":{"start":{"line":73,"column":31},"end":{"line":73,"column":41}},"31":{"start":{"line":74,"column":29},"end":{"line":74,"column":56}},"32":{"start":{"line":75,"column":12},"end":{"line":75,"column":53}},"33":{"start":{"line":75,"column":27},"end":{"line":75,"column":53}},"34":{"start":{"line":76,"column":12},"end":{"line":76,"column":64}},"35":{"start":{"line":78,"column":12},"end":{"line":78,"column":22}},"36":{"start":{"line":82,"column":8},"end":{"line":91,"column":9}},"37":{"start":{"line":83,"column":31},"end":{"line":83,"column":41}},"38":{"start":{"line":84,"column":29},"end":{"line":84,"column":56}},"39":{"start":{"line":85,"column":12},"end":{"line":85,"column":53}},"40":{"start":{"line":85,"column":27},"end":{"line":85,"column":53}},"41":{"start":{"line":86,"column":32},"end":{"line":86,"column":40}},"42":{"start":{"line":87,"column":12},"end":{"line":87,"column":70}},"43":{"start":{"line":88,"column":12},"end":{"line":88,"column":96}},"44":{"start":{"line":90,"column":12},"end":{"line":90,"column":22}},"45":{"start":{"line":95,"column":22},"end":{"line":95,"column":30}},"46":{"start":{"line":96,"column":8},"end":{"line":113,"column":9}},"47":{"start":{"line":97,"column":81},"end":{"line":97,"column":89}},"48":{"start":{"line":98,"column":27},"end":{"line":98,"column":35}},"49":{"start":{"line":99,"column":28},"end":{"line":99,"column":38}},"50":{"start":{"line":100,"column":26},"end":{"line":100,"column":36}},"51":{"start":{"line":102,"column":12},"end":{"line":103,"column":91}},"52":{"start":{"line":102,"column":34},"end":{"line":102,"column":84}},"53":{"start":{"line":103,"column":17},"end":{"line":103,"column":91}},"54":{"start":{"line":103,"column":40},"end":{"line":103,"column":91}},"55":{"start":{"line":105,"column":31},"end":{"line":108,"column":14}},"56":{"start":{"line":109,"column":12},"end":{"line":109,"column":82}},"57":{"start":{"line":110,"column":12},"end":{"line":110,"column":94}},"58":{"start":{"line":112,"column":12},"end":{"line":112,"column":22}},"59":{"start":{"line":116,"column":8},"end":{"line":124,"column":9}},"60":{"start":{"line":117,"column":27},"end":{"line":117,"column":37}},"61":{"start":{"line":118,"column":31},"end":{"line":118,"column":62}},"62":{"start":{"line":119,"column":12},"end":{"line":119,"column":55}},"63":{"start":{"line":119,"column":29},"end":{"line":119,"column":55}},"64":{"start":{"line":120,"column":12},"end":{"line":120,"column":45}},"65":{"start":{"line":122,"column":12},"end":{"line":122,"column":28}},"66":{"start":{"line":123,"column":12},"end":{"line":123,"column":22}},"67":{"start":{"line":127,"column":8},"end":{"line":136,"column":9}},"68":{"start":{"line":128,"column":27},"end":{"line":128,"column":37}},"69":{"start":{"line":129,"column":31},"end":{"line":129,"column":62}},"70":{"start":{"line":130,"column":12},"end":{"line":130,"column":56}},"71":{"start":{"line":130,"column":29},"end":{"line":130,"column":56}},"72":{"start":{"line":131,"column":27},"end":{"line":131,"column":38}},"73":{"start":{"line":132,"column":12},"end":{"line":132,"column":79}},"74":{"start":{"line":133,"column":12},"end":{"line":133,"column":103}},"75":{"start":{"line":135,"column":12},"end":{"line":135,"column":22}},"76":{"start":{"line":140,"column":8},"end":{"line":148,"column":9}},"77":{"start":{"line":141,"column":27},"end":{"line":141,"column":37}},"78":{"start":{"line":142,"column":31},"end":{"line":142,"column":54}},"79":{"start":{"line":143,"column":12},"end":{"line":143,"column":55}},"80":{"start":{"line":143,"column":29},"end":{"line":143,"column":55}},"81":{"start":{"line":144,"column":12},"end":{"line":144,"column":45}},"82":{"start":{"line":146,"column":12},"end":{"line":146,"column":28}},"83":{"start":{"line":147,"column":12},"end":{"line":147,"column":22}},"84":{"start":{"line":163,"column":0},"end":{"line":163,"column":32}}},"fnMap":{"0":{"name":"(anonymous_0)","decl":{"start":{"line":9,"column":4},"end":{"line":9,"column":5}},"loc":{"start":{"line":9,"column":42},"end":{"line":41,"column":5}},"line":9},"1":{"name":"(anonymous_1)","decl":{"start":{"line":42,"column":4},"end":{"line":42,"column":5}},"loc":{"start":{"line":42,"column":39},"end":{"line":57,"column":5}},"line":42},"2":{"name":"(anonymous_2)","decl":{"start":{"line":59,"column":4},"end":{"line":59,"column":5}},"loc":{"start":{"line":59,"column":44},"end":{"line":67,"column":5}},"line":59},"3":{"name":"(anonymous_3)","decl":{"start":{"line":71,"column":4},"end":{"line":71,"column":5}},"loc":{"start":{"line":71,"column":44},"end":{"line":80,"column":5}},"line":71},"4":{"name":"(anonymous_4)","decl":{"start":{"line":81,"column":4},"end":{"line":81,"column":5}},"loc":{"start":{"line":81,"column":47},"end":{"line":92,"column":5}},"line":81},"5":{"name":"(anonymous_5)","decl":{"start":{"line":94,"column":4},"end":{"line":94,"column":5}},"loc":{"start":{"line":94,"column":50},"end":{"line":114,"column":5}},"line":94},"6":{"name":"(anonymous_6)","decl":{"start":{"line":115,"column":4},"end":{"line":115,"column":5}},"loc":{"start":{"line":115,"column":49},"end":{"line":125,"column":5}},"line":115},"7":{"name":"(anonymous_7)","decl":{"start":{"line":126,"column":4},"end":{"line":126,"column":5}},"loc":{"start":{"line":126,"column":52},"end":{"line":137,"column":5}},"line":126},"8":{"name":"(anonymous_8)","decl":{"start":{"line":139,"column":4},"end":{"line":139,"column":5}},"loc":{"start":{"line":139,"column":47},"end":{"line":149,"column":5}},"line":139}},"branchMap":{"0":{"loc":{"start":{"line":46,"column":12},"end":{"line":46,"column":63}},"type":"if","locations":[{"start":{"line":46,"column":12},"end":{"line":46,"column":63}},{"start":{},"end":{}}],"line":46},"1":{"loc":{"start":{"line":48,"column":12},"end":{"line":48,"column":62}},"type":"if","locations":[{"start":{"line":48,"column":12},"end":{"line":48,"column":62}},{"start":{},"end":{}}],"line":48},"2":{"loc":{"start":{"line":75,"column":12},"end":{"line":75,"column":53}},"type":"if","locations":[{"start":{"line":75,"column":12},"end":{"line":75,"column":53}},{"start":{},"end":{}}],"line":75},"3":{"loc":{"start":{"line":85,"column":12},"end":{"line":85,"column":53}},"type":"if","locations":[{"start":{"line":85,"column":12},"end":{"line":85,"column":53}},{"start":{},"end":{}}],"line":85},"4":{"loc":{"start":{"line":102,"column":12},"end":{"line":103,"column":91}},"type":"if","locations":[{"start":{"line":102,"column":12},"end":{"line":103,"column":91}},{"start":{"line":103,"column":17},"end":{"line":103,"column":91}}],"line":102},"5":{"loc":{"start":{"line":103,"column":17},"end":{"line":103,"column":91}},"type":"if","locations":[{"start":{"line":103,"column":17},"end":{"line":103,"column":91}},{"start":{},"end":{}}],"line":103},"6":{"loc":{"start":{"line":119,"column":12},"end":{"line":119,"column":55}},"type":"if","locations":[{"start":{"line":119,"column":12},"end":{"line":119,"column":55}},{"start":{},"end":{}}],"line":119},"7":{"loc":{"start":{"line":130,"column":12},"end":{"line":130,"column":56}},"type":"if","locations":[{"start":{"line":130,"column":12},"end":{"line":130,"column":56}},{"start":{},"end":{}}],"line":130},"8":{"loc":{"start":{"line":143,"column":12},"end":{"line":143,"column":55}},"type":"if","locations":[{"start":{"line":143,"column":12},"end":{"line":143,"column":55}},{"start":{},"end":{}}],"line":143}},"s":{"0":1,"1":1,"2":1,"3":1,"4":1,"5":1,"6":10,"7":10,"8":10,"9":1,"10":9,"11":9,"12":3,"13":3,"14":3,"15":3,"16":1,"17":2,"18":2,"19":1,"20":1,"21":1,"22":1,"23":2,"24":5,"25":5,"26":5,"27":1,"28":4,"29":2,"30":2,"31":2,"32":2,"33":1,"34":1,"35":1,"36":2,"37":2,"38":2,"39":2,"40":1,"41":1,"42":1,"43":1,"44":1,"45":3,"46":3,"47":3,"48":3,"49":3,"50":3,"51":3,"52":2,"53":1,"54":0,"55":3,"56":1,"57":1,"58":2,"59":2,"60":2,"61":2,"62":2,"63":1,"64":1,"65":1,"66":1,"67":2,"68":2,"69":2,"70":2,"71":1,"72":1,"73":1,"74":1,"75":1,"76":2,"77":2,"78":2,"79":2,"80":1,"81":1,"82":1,"83":1,"84":1},"f":{"0":10,"1":3,"2":5,"3":2,"4":2,"5":3,"6":2,"7":2,"8":2},"b":{"0":[1,2],"1":[1,1],"2":[1,1],"3":[1,1],"4":[2,1],"5":[0,1],"6":[1,1],"7":[1,1],"8":[1,1]},"_coverageSchema":"1a1c01bbd47fc00a2c39e90264f33305004495a9","hash":"2ff06981b0812c0ecd1c22f555b19ee587be307d"}
,"C:\\Users\\Ridho\\Desktop\\Hacktiv8\\schox-server\\helpers\\bcrypt.js": {"path":"C:\\Users\\Ridho\\Desktop\\Hacktiv8\\schox-server\\helpers\\bcrypt.js","statementMap":{"0":{"start":{"line":1,"column":34},"end":{"line":1,"column":53}},"1":{"start":{"line":3,"column":21},"end":{"line":3,"column":56}},"2":{"start":{"line":3,"column":35},"end":{"line":3,"column":56}},"3":{"start":{"line":4,"column":24},"end":{"line":4,"column":77}},"4":{"start":{"line":4,"column":47},"end":{"line":4,"column":77}},"5":{"start":{"line":6,"column":0},"end":{"line":9,"column":2}}},"fnMap":{"0":{"name":"(anonymous_0)","decl":{"start":{"line":3,"column":21},"end":{"line":3,"column":22}},"loc":{"start":{"line":3,"column":35},"end":{"line":3,"column":56}},"line":3},"1":{"name":"(anonymous_1)","decl":{"start":{"line":4,"column":24},"end":{"line":4,"column":25}},"loc":{"start":{"line":4,"column":47},"end":{"line":4,"column":77}},"line":4}},"branchMap":{},"s":{"0":1,"1":1,"2":3,"3":1,"4":2,"5":1},"f":{"0":3,"1":2},"b":{},"_coverageSchema":"1a1c01bbd47fc00a2c39e90264f33305004495a9","hash":"88c04f93e1a3f3d637b0fd287820106c5493683e"}
,"C:\\Users\\Ridho\\Desktop\\Hacktiv8\\schox-server\\helpers\\jwt.js": {"path":"C:\\Users\\Ridho\\Desktop\\Hacktiv8\\schox-server\\helpers\\jwt.js","statementMap":{"0":{"start":{"line":1,"column":25},"end":{"line":1,"column":48}},"1":{"start":{"line":3,"column":18},"end":{"line":3,"column":67}},"2":{"start":{"line":3,"column":31},"end":{"line":3,"column":67}},"3":{"start":{"line":4,"column":20},"end":{"line":4,"column":67}},"4":{"start":{"line":4,"column":31},"end":{"line":4,"column":67}},"5":{"start":{"line":6,"column":0},"end":{"line":9,"column":2}}},"fnMap":{"0":{"name":"(anonymous_0)","decl":{"start":{"line":3,"column":18},"end":{"line":3,"column":19}},"loc":{"start":{"line":3,"column":31},"end":{"line":3,"column":67}},"line":3},"1":{"name":"(anonymous_1)","decl":{"start":{"line":4,"column":20},"end":{"line":4,"column":21}},"loc":{"start":{"line":4,"column":31},"end":{"line":4,"column":67}},"line":4}},"branchMap":{},"s":{"0":1,"1":1,"2":2,"3":1,"4":19,"5":1},"f":{"0":2,"1":19},"b":{},"_coverageSchema":"1a1c01bbd47fc00a2c39e90264f33305004495a9","hash":"951ec7af20880de7cc4d2f7e3628ab3a28806cf6"}
,"C:\\Users\\Ridho\\Desktop\\Hacktiv8\\schox-server\\middleware\\auth.js": {"path":"C:\\Users\\Ridho\\Desktop\\Hacktiv8\\schox-server\\middleware\\auth.js","statementMap":{"0":{"start":{"line":1,"column":17},"end":{"line":1,"column":37}},"1":{"start":{"line":2,"column":24},"end":{"line":2,"column":49}},"2":{"start":{"line":5,"column":2},"end":{"line":16,"column":3}},"3":{"start":{"line":6,"column":27},"end":{"line":6,"column":38}},"4":{"start":{"line":7,"column":4},"end":{"line":7,"column":54}},"5":{"start":{"line":7,"column":23},"end":{"line":7,"column":54}},"6":{"start":{"line":8,"column":18},"end":{"line":8,"column":43}},"7":{"start":{"line":9,"column":15},"end":{"line":9,"column":46}},"8":{"start":{"line":10,"column":4},"end":{"line":10,"column":46}},"9":{"start":{"line":10,"column":15},"end":{"line":10,"column":46}},"10":{"start":{"line":11,"column":4},"end":{"line":11,"column":31}},"11":{"start":{"line":12,"column":4},"end":{"line":12,"column":11}},"12":{"start":{"line":14,"column":4},"end":{"line":14,"column":20}},"13":{"start":{"line":15,"column":4},"end":{"line":15,"column":14}},"14":{"start":{"line":19,"column":0},"end":{"line":19,"column":23}}},"fnMap":{"0":{"name":"authz","decl":{"start":{"line":4,"column":15},"end":{"line":4,"column":20}},"loc":{"start":{"line":4,"column":37},"end":{"line":17,"column":1}},"line":4}},"branchMap":{"0":{"loc":{"start":{"line":7,"column":4},"end":{"line":7,"column":54}},"type":"if","locations":[{"start":{"line":7,"column":4},"end":{"line":7,"column":54}},{"start":{},"end":{}}],"line":7},"1":{"loc":{"start":{"line":10,"column":4},"end":{"line":10,"column":46}},"type":"if","locations":[{"start":{"line":10,"column":4},"end":{"line":10,"column":46}},{"start":{},"end":{}}],"line":10}},"s":{"0":1,"1":1,"2":20,"3":20,"4":20,"5":1,"6":19,"7":18,"8":18,"9":0,"10":18,"11":18,"12":2,"13":2,"14":1},"f":{"0":20},"b":{"0":[1,19],"1":[0,18]},"_coverageSchema":"1a1c01bbd47fc00a2c39e90264f33305004495a9","hash":"cdc2b88120b6a6e037d5c389835391fe6e0dd5dd"}
,"C:\\Users\\Ridho\\Desktop\\Hacktiv8\\schox-server\\middleware\\errHandler.js": {"path":"C:\\Users\\Ridho\\Desktop\\Hacktiv8\\schox-server\\middleware\\errHandler.js","statementMap":{"0":{"start":{"line":1,"column":19},"end":{"line":23,"column":1}},"1":{"start":{"line":2,"column":15},"end":{"line":2,"column":18}},"2":{"start":{"line":3,"column":18},"end":{"line":3,"column":41}},"3":{"start":{"line":5,"column":4},"end":{"line":20,"column":5}},"4":{"start":{"line":6,"column":8},"end":{"line":6,"column":18}},"5":{"start":{"line":7,"column":8},"end":{"line":7,"column":39}},"6":{"start":{"line":8,"column":11},"end":{"line":20,"column":5}},"7":{"start":{"line":9,"column":8},"end":{"line":9,"column":18}},"8":{"start":{"line":10,"column":8},"end":{"line":10,"column":42}},"9":{"start":{"line":11,"column":11},"end":{"line":20,"column":5}},"10":{"start":{"line":12,"column":8},"end":{"line":12,"column":18}},"11":{"start":{"line":13,"column":8},"end":{"line":13,"column":33}},"12":{"start":{"line":14,"column":11},"end":{"line":20,"column":5}},"13":{"start":{"line":15,"column":8},"end":{"line":15,"column":18}},"14":{"start":{"line":16,"column":8},"end":{"line":16,"column":32}},"15":{"start":{"line":17,"column":11},"end":{"line":20,"column":5}},"16":{"start":{"line":18,"column":8},"end":{"line":18,"column":18}},"17":{"start":{"line":19,"column":8},"end":{"line":19,"column":34}},"18":{"start":{"line":22,"column":4},"end":{"line":22,"column":39}},"19":{"start":{"line":25,"column":0},"end":{"line":25,"column":27}}},"fnMap":{"0":{"name":"(anonymous_0)","decl":{"start":{"line":1,"column":19},"end":{"line":1,"column":20}},"loc":{"start":{"line":1,"column":44},"end":{"line":23,"column":1}},"line":1}},"branchMap":{"0":{"loc":{"start":{"line":5,"column":4},"end":{"line":20,"column":5}},"type":"if","locations":[{"start":{"line":5,"column":4},"end":{"line":20,"column":5}},{"start":{"line":8,"column":11},"end":{"line":20,"column":5}}],"line":5},"1":{"loc":{"start":{"line":5,"column":8},"end":{"line":5,"column":96}},"type":"binary-expr","locations":[{"start":{"line":5,"column":8},"end":{"line":5,"column":47}},{"start":{"line":5,"column":51},"end":{"line":5,"column":96}}],"line":5},"2":{"loc":{"start":{"line":8,"column":11},"end":{"line":20,"column":5}},"type":"if","locations":[{"start":{"line":8,"column":11},"end":{"line":20,"column":5}},{"start":{"line":11,"column":11},"end":{"line":20,"column":5}}],"line":8},"3":{"loc":{"start":{"line":11,"column":11},"end":{"line":20,"column":5}},"type":"if","locations":[{"start":{"line":11,"column":11},"end":{"line":20,"column":5}},{"start":{"line":14,"column":11},"end":{"line":20,"column":5}}],"line":11},"4":{"loc":{"start":{"line":11,"column":15},"end":{"line":11,"column":83}},"type":"binary-expr","locations":[{"start":{"line":11,"column":15},"end":{"line":11,"column":47}},{"start":{"line":11,"column":51},"end":{"line":11,"column":83}}],"line":11},"5":{"loc":{"start":{"line":14,"column":11},"end":{"line":20,"column":5}},"type":"if","locations":[{"start":{"line":14,"column":11},"end":{"line":20,"column":5}},{"start":{"line":17,"column":11},"end":{"line":20,"column":5}}],"line":14},"6":{"loc":{"start":{"line":17,"column":11},"end":{"line":20,"column":5}},"type":"if","locations":[{"start":{"line":17,"column":11},"end":{"line":20,"column":5}},{"start":{},"end":{}}],"line":17}},"s":{"0":1,"1":24,"2":24,"3":24,"4":15,"5":15,"6":9,"7":2,"8":2,"9":7,"10":1,"11":1,"12":6,"13":1,"14":1,"15":5,"16":5,"17":5,"18":24,"19":1},"f":{"0":24},"b":{"0":[15,9],"1":[24,10],"2":[2,7],"3":[1,6],"4":[7,6],"5":[1,5],"6":[5,0]},"_coverageSchema":"1a1c01bbd47fc00a2c39e90264f33305004495a9","hash":"14a85302f5fd70a694054010b3454b9d90e7f0da"}
,"C:\\Users\\Ridho\\Desktop\\Hacktiv8\\schox-server\\models\\driver.js": {"path":"C:\\Users\\Ridho\\Desktop\\Hacktiv8\\schox-server\\models\\driver.js","statementMap":{"0":{"start":{"line":4,"column":4},"end":{"line":4,"column":24}},"1":{"start":{"line":5,"column":23},"end":{"line":5,"column":51}},"2":{"start":{"line":6,"column":0},"end":{"line":73,"column":2}},"3":{"start":{"line":15,"column":6},"end":{"line":15,"column":86}},"4":{"start":{"line":18,"column":2},"end":{"line":68,"column":5}},"5":{"start":{"line":69,"column":2},"end":{"line":71,"column":4}},"6":{"start":{"line":70,"column":4},"end":{"line":70,"column":51}},"7":{"start":{"line":72,"column":2},"end":{"line":72,"column":16}}},"fnMap":{"0":{"name":"(anonymous_0)","decl":{"start":{"line":6,"column":17},"end":{"line":6,"column":18}},"loc":{"start":{"line":6,"column":43},"end":{"line":73,"column":1}},"line":6},"1":{"name":"(anonymous_1)","decl":{"start":{"line":13,"column":4},"end":{"line":13,"column":5}},"loc":{"start":{"line":13,"column":29},"end":{"line":16,"column":5}},"line":13},"2":{"name":"(anonymous_2)","decl":{"start":{"line":69,"column":22},"end":{"line":69,"column":23}},"loc":{"start":{"line":69,"column":43},"end":{"line":71,"column":3}},"line":69}},"branchMap":{},"s":{"0":1,"1":1,"2":1,"3":1,"4":1,"5":1,"6":0,"7":1},"f":{"0":1,"1":1,"2":0},"b":{},"_coverageSchema":"1a1c01bbd47fc00a2c39e90264f33305004495a9","hash":"6200cedda79d6aa01447d4c5c57d8d4ee905aa4d"}
,"C:\\Users\\Ridho\\Desktop\\Hacktiv8\\schox-server\\models\\index.js": {"path":"C:\\Users\\Ridho\\Desktop\\Hacktiv8\\schox-server\\models\\index.js","statementMap":{"0":{"start":{"line":3,"column":11},"end":{"line":3,"column":24}},"1":{"start":{"line":4,"column":13},"end":{"line":4,"column":28}},"2":{"start":{"line":5,"column":18},"end":{"line":5,"column":38}},"3":{"start":{"line":6,"column":17},"end":{"line":6,"column":42}},"4":{"start":{"line":7,"column":12},"end":{"line":7,"column":49}},"5":{"start":{"line":8,"column":15},"end":{"line":8,"column":65}},"6":{"start":{"line":9,"column":11},"end":{"line":9,"column":13}},"7":{"start":{"line":12,"column":0},"end":{"line":16,"column":1}},"8":{"start":{"line":13,"column":2},"end":{"line":13,"column":74}},"9":{"start":{"line":15,"column":2},"end":{"line":15,"column":87}},"10":{"start":{"line":18,"column":0},"end":{"line":26,"column":5}},"11":{"start":{"line":21,"column":4},"end":{"line":21,"column":90}},"12":{"start":{"line":24,"column":18},"end":{"line":24,"column":85}},"13":{"start":{"line":25,"column":4},"end":{"line":25,"column":27}},"14":{"start":{"line":28,"column":0},"end":{"line":32,"column":3}},"15":{"start":{"line":29,"column":2},"end":{"line":31,"column":3}},"16":{"start":{"line":30,"column":4},"end":{"line":30,"column":32}},"17":{"start":{"line":34,"column":0},"end":{"line":34,"column":25}},"18":{"start":{"line":35,"column":0},"end":{"line":35,"column":25}},"19":{"start":{"line":37,"column":0},"end":{"line":37,"column":20}}},"fnMap":{"0":{"name":"(anonymous_0)","decl":{"start":{"line":20,"column":10},"end":{"line":20,"column":11}},"loc":{"start":{"line":20,"column":18},"end":{"line":22,"column":3}},"line":20},"1":{"name":"(anonymous_1)","decl":{"start":{"line":23,"column":11},"end":{"line":23,"column":12}},"loc":{"start":{"line":23,"column":19},"end":{"line":26,"column":3}},"line":23},"2":{"name":"(anonymous_2)","decl":{"start":{"line":28,"column":24},"end":{"line":28,"column":25}},"loc":{"start":{"line":28,"column":37},"end":{"line":32,"column":1}},"line":28}},"branchMap":{"0":{"loc":{"start":{"line":7,"column":12},"end":{"line":7,"column":49}},"type":"binary-expr","locations":[{"start":{"line":7,"column":12},"end":{"line":7,"column":32}},{"start":{"line":7,"column":36},"end":{"line":7,"column":49}}],"line":7},"1":{"loc":{"start":{"line":12,"column":0},"end":{"line":16,"column":1}},"type":"if","locations":[{"start":{"line":12,"column":0},"end":{"line":16,"column":1}},{"start":{"line":14,"column":7},"end":{"line":16,"column":1}}],"line":12},"2":{"loc":{"start":{"line":21,"column":11},"end":{"line":21,"column":89}},"type":"binary-expr","locations":[{"start":{"line":21,"column":12},"end":{"line":21,"column":35}},{"start":{"line":21,"column":41},"end":{"line":21,"column":58}},{"start":{"line":21,"column":64},"end":{"line":21,"column":88}}],"line":21},"3":{"loc":{"start":{"line":29,"column":2},"end":{"line":31,"column":3}},"type":"if","locations":[{"start":{"line":29,"column":2},"end":{"line":31,"column":3}},{"start":{},"end":{}}],"line":29}},"s":{"0":1,"1":1,"2":1,"3":1,"4":1,"5":1,"6":1,"7":1,"8":0,"9":1,"10":1,"11":6,"12":5,"13":5,"14":1,"15":5,"16":5,"17":1,"18":1,"19":1},"f":{"0":6,"1":5,"2":5},"b":{"0":[1,0],"1":[0,1],"2":[6,6,5],"3":[5,0]},"_coverageSchema":"1a1c01bbd47fc00a2c39e90264f33305004495a9","hash":"c769a89fba24e71b143770dbcd4cba73297e7b0a"}
,"C:\\Users\\Ridho\\Desktop\\Hacktiv8\\schox-server\\models\\school.js": {"path":"C:\\Users\\Ridho\\Desktop\\Hacktiv8\\schox-server\\models\\school.js","statementMap":{"0":{"start":{"line":4,"column":4},"end":{"line":4,"column":24}},"1":{"start":{"line":5,"column":0},"end":{"line":55,"column":2}},"2":{"start":{"line":14,"column":6},"end":{"line":14,"column":41}},"3":{"start":{"line":17,"column":2},"end":{"line":53,"column":5}},"4":{"start":{"line":54,"column":2},"end":{"line":54,"column":16}}},"fnMap":{"0":{"name":"(anonymous_0)","decl":{"start":{"line":5,"column":17},"end":{"line":5,"column":18}},"loc":{"start":{"line":5,"column":43},"end":{"line":55,"column":1}},"line":5},"1":{"name":"(anonymous_1)","decl":{"start":{"line":12,"column":4},"end":{"line":12,"column":5}},"loc":{"start":{"line":12,"column":29},"end":{"line":15,"column":5}},"line":12}},"branchMap":{},"s":{"0":1,"1":1,"2":1,"3":1,"4":1},"f":{"0":1,"1":1},"b":{},"_coverageSchema":"1a1c01bbd47fc00a2c39e90264f33305004495a9","hash":"7257e045da18b377ad1f38224e4b5f0a8cd3a5c1"}
,"C:\\Users\\Ridho\\Desktop\\Hacktiv8\\schox-server\\models\\shuttlerecord.js": {"path":"C:\\Users\\Ridho\\Desktop\\Hacktiv8\\schox-server\\models\\shuttlerecord.js","statementMap":{"0":{"start":{"line":4,"column":4},"end":{"line":4,"column":24}},"1":{"start":{"line":5,"column":0},"end":{"line":34,"column":2}},"2":{"start":{"line":14,"column":6},"end":{"line":14,"column":50}},"3":{"start":{"line":17,"column":2},"end":{"line":32,"column":5}},"4":{"start":{"line":33,"column":2},"end":{"line":33,"column":23}}},"fnMap":{"0":{"name":"(anonymous_0)","decl":{"start":{"line":5,"column":17},"end":{"line":5,"column":18}},"loc":{"start":{"line":5,"column":43},"end":{"line":34,"column":1}},"line":5},"1":{"name":"(anonymous_1)","decl":{"start":{"line":12,"column":4},"end":{"line":12,"column":5}},"loc":{"start":{"line":12,"column":29},"end":{"line":15,"column":5}},"line":12}},"branchMap":{},"s":{"0":1,"1":1,"2":1,"3":1,"4":1},"f":{"0":1,"1":1},"b":{},"_coverageSchema":"1a1c01bbd47fc00a2c39e90264f33305004495a9","hash":"00deafc50a59026116dcbd83a7a673a1cb99d64c"}
,"C:\\Users\\Ridho\\Desktop\\Hacktiv8\\schox-server\\models\\subscription.js": {"path":"C:\\Users\\Ridho\\Desktop\\Hacktiv8\\schox-server\\models\\subscription.js","statementMap":{"0":{"start":{"line":4,"column":4},"end":{"line":4,"column":24}},"1":{"start":{"line":5,"column":0},"end":{"line":58,"column":2}},"2":{"start":{"line":14,"column":6},"end":{"line":14,"column":43}},"3":{"start":{"line":15,"column":6},"end":{"line":15,"column":38}},"4":{"start":{"line":16,"column":6},"end":{"line":16,"column":43}},"5":{"start":{"line":19,"column":2},"end":{"line":56,"column":5}},"6":{"start":{"line":57,"column":2},"end":{"line":57,"column":22}}},"fnMap":{"0":{"name":"(anonymous_0)","decl":{"start":{"line":5,"column":17},"end":{"line":5,"column":18}},"loc":{"start":{"line":5,"column":43},"end":{"line":58,"column":1}},"line":5},"1":{"name":"(anonymous_1)","decl":{"start":{"line":12,"column":4},"end":{"line":12,"column":5}},"loc":{"start":{"line":12,"column":29},"end":{"line":17,"column":5}},"line":12}},"branchMap":{},"s":{"0":1,"1":1,"2":1,"3":1,"4":1,"5":1,"6":1},"f":{"0":1,"1":1},"b":{},"_coverageSchema":"1a1c01bbd47fc00a2c39e90264f33305004495a9","hash":"3310aabd320659bb309c2c2d284447c2b01b88cb"}
,"C:\\Users\\Ridho\\Desktop\\Hacktiv8\\schox-server\\models\\user.js": {"path":"C:\\Users\\Ridho\\Desktop\\Hacktiv8\\schox-server\\models\\user.js","statementMap":{"0":{"start":{"line":4,"column":4},"end":{"line":4,"column":24}},"1":{"start":{"line":5,"column":23},"end":{"line":5,"column":51}},"2":{"start":{"line":6,"column":0},"end":{"line":103,"column":2}},"3":{"start":{"line":15,"column":6},"end":{"line":15,"column":87}},"4":{"start":{"line":18,"column":2},"end":{"line":98,"column":5}},"5":{"start":{"line":99,"column":2},"end":{"line":101,"column":4}},"6":{"start":{"line":100,"column":4},"end":{"line":100,"column":47}},"7":{"start":{"line":102,"column":2},"end":{"line":102,"column":14}}},"fnMap":{"0":{"name":"(anonymous_0)","decl":{"start":{"line":6,"column":17},"end":{"line":6,"column":18}},"loc":{"start":{"line":6,"column":43},"end":{"line":103,"column":1}},"line":6},"1":{"name":"(anonymous_1)","decl":{"start":{"line":13,"column":4},"end":{"line":13,"column":5}},"loc":{"start":{"line":13,"column":29},"end":{"line":16,"column":5}},"line":13},"2":{"name":"(anonymous_2)","decl":{"start":{"line":99,"column":20},"end":{"line":99,"column":21}},"loc":{"start":{"line":99,"column":39},"end":{"line":101,"column":3}},"line":99}},"branchMap":{},"s":{"0":1,"1":1,"2":1,"3":1,"4":1,"5":1,"6":3,"7":1},"f":{"0":1,"1":1,"2":3},"b":{},"_coverageSchema":"1a1c01bbd47fc00a2c39e90264f33305004495a9","hash":"f492c7f93730a58fe2f122f2fda699f06f3fd648"}
,"C:\\Users\\Ridho\\Desktop\\Hacktiv8\\schox-server\\routes\\driver.js": {"path":"C:\\Users\\Ridho\\Desktop\\Hacktiv8\\schox-server\\routes\\driver.js","statementMap":{"0":{"start":{"line":1,"column":27},"end":{"line":1,"column":69}},"1":{"start":{"line":2,"column":15},"end":{"line":2,"column":42}},"2":{"start":{"line":5,"column":0},"end":{"line":5,"column":45}},"3":{"start":{"line":6,"column":0},"end":{"line":6,"column":67}},"4":{"start":{"line":7,"column":0},"end":{"line":7,"column":44}},"5":{"start":{"line":8,"column":0},"end":{"line":8,"column":52}},"6":{"start":{"line":10,"column":0},"end":{"line":10,"column":51}},"7":{"start":{"line":12,"column":0},"end":{"line":12,"column":23}}},"fnMap":{},"branchMap":{},"s":{"0":1,"1":1,"2":1,"3":1,"4":1,"5":1,"6":1,"7":1},"f":{},"b":{},"_coverageSchema":"1a1c01bbd47fc00a2c39e90264f33305004495a9","hash":"f981288792e829a233fb8a4c7880cee7159548ed"}
,"C:\\Users\\Ridho\\Desktop\\Hacktiv8\\schox-server\\routes\\index.js": {"path":"C:\\Users\\Ridho\\Desktop\\Hacktiv8\\schox-server\\routes\\index.js","statementMap":{"0":{"start":{"line":1,"column":15},"end":{"line":1,"column":34}},"1":{"start":{"line":2,"column":13},"end":{"line":2,"column":30}},"2":{"start":{"line":3,"column":15},"end":{"line":3,"column":42}},"3":{"start":{"line":5,"column":0},"end":{"line":5,"column":26}},"4":{"start":{"line":6,"column":0},"end":{"line":6,"column":30}},"5":{"start":{"line":8,"column":0},"end":{"line":8,"column":23}}},"fnMap":{},"branchMap":{},"s":{"0":1,"1":1,"2":1,"3":1,"4":1,"5":1},"f":{},"b":{},"_coverageSchema":"1a1c01bbd47fc00a2c39e90264f33305004495a9","hash":"87a69a4c0950b3ecaa62e229488a25f3a68c37cf"}
,"C:\\Users\\Ridho\\Desktop\\Hacktiv8\\schox-server\\routes\\user.js": {"path":"C:\\Users\\Ridho\\Desktop\\Hacktiv8\\schox-server\\routes\\user.js","statementMap":{"0":{"start":{"line":1,"column":23},"end":{"line":1,"column":63}},"1":{"start":{"line":2,"column":14},"end":{"line":2,"column":43}},"2":{"start":{"line":3,"column":13},"end":{"line":3,"column":40}},"3":{"start":{"line":5,"column":0},"end":{"line":5,"column":47}},"4":{"start":{"line":6,"column":0},"end":{"line":6,"column":41}},"5":{"start":{"line":8,"column":0},"end":{"line":8,"column":15}},"6":{"start":{"line":10,"column":0},"end":{"line":10,"column":48}},"7":{"start":{"line":13,"column":0},"end":{"line":13,"column":56}},"8":{"start":{"line":14,"column":0},"end":{"line":14,"column":61}},"9":{"start":{"line":16,"column":0},"end":{"line":16,"column":60}},"10":{"start":{"line":17,"column":0},"end":{"line":17,"column":62}},"11":{"start":{"line":18,"column":0},"end":{"line":18,"column":67}},"12":{"start":{"line":20,"column":0},"end":{"line":20,"column":46}},"13":{"start":{"line":23,"column":0},"end":{"line":23,"column":21}}},"fnMap":{},"branchMap":{},"s":{"0":1,"1":1,"2":1,"3":1,"4":1,"5":1,"6":1,"7":1,"8":1,"9":1,"10":1,"11":1,"12":1,"13":1},"f":{},"b":{},"_coverageSchema":"1a1c01bbd47fc00a2c39e90264f33305004495a9","hash":"1c689dd756c9d31f0b29d0a900b735fcd659ec1d"}
}
