TN:
SF:app.js
FNF:0
FNH:0
DA:1,3
DA:2,3
DA:4,3
DA:5,3
DA:6,3
DA:7,3
DA:8,3
DA:10,3
DA:11,3
DA:12,3
DA:14,3
DA:15,3
DA:17,3
LF:13
LH:13
BRDA:1,0,0,3
BRDA:1,0,1,0
BRF:2
BRH:1
end_of_record
TN:
SF:controllers\DriverController.js
FN:6,(anonymous_0)
FN:20,(anonymous_1)
FN:35,(anonymous_2)
FN:44,(anonymous_3)
FN:55,(anonymous_4)
FN:68,(anonymous_5)
FNF:6
FNH:6
FNDA:3,(anonymous_0)
FNDA:2,(anonymous_1)
FNDA:1,(anonymous_2)
FNDA:2,(anonymous_3)
FNDA:2,(anonymous_4)
FNDA:2,(anonymous_5)
DA:1,3
DA:2,3
DA:3,3
DA:7,3
DA:8,3
DA:9,3
DA:10,3
DA:11,2
DA:12,2
DA:13,1
DA:15,2
DA:16,2
DA:21,2
DA:22,2
DA:23,2
DA:24,2
DA:25,2
DA:26,1
DA:27,1
DA:31,1
DA:36,1
DA:37,1
DA:38,1
DA:40,0
DA:45,2
DA:46,2
DA:47,2
DA:48,2
DA:49,1
DA:51,1
DA:56,2
DA:57,2
DA:58,2
DA:59,2
DA:60,2
DA:61,1
DA:62,1
DA:64,1
DA:69,2
DA:70,2
DA:71,2
DA:72,2
DA:79,2
DA:80,1
DA:82,1
DA:83,1
DA:88,3
LF:47
LH:46
BRDA:10,0,0,1
BRDA:10,0,1,2
BRDA:12,1,0,1
BRDA:12,1,1,1
BRDA:25,2,0,1
BRDA:25,2,1,1
BRDA:48,3,0,1
BRDA:48,3,1,1
BRDA:60,4,0,1
BRDA:60,4,1,1
BRDA:79,5,0,1
BRDA:79,5,1,1
BRF:12
BRH:12
end_of_record
TN:
SF:controllers\RecordController.js
FN:4,(anonymous_0)
FN:29,(anonymous_1)
FN:47,(anonymous_2)
FN:67,(anonymous_3)
FN:92,(anonymous_4)
FN:110,(anonymous_5)
FNF:6
FNH:6
FNDA:3,(anonymous_0)
FNDA:5,(anonymous_1)
FNDA:1,(anonymous_2)
FNDA:3,(anonymous_3)
FNDA:5,(anonymous_4)
FNDA:1,(anonymous_5)
DA:1,3
DA:5,3
DA:6,3
DA:7,3
DA:13,3
DA:15,1
DA:17,1
DA:23,1
DA:25,2
DA:30,5
DA:31,5
DA:33,5
DA:34,3
DA:35,2
DA:38,1
DA:41,1
DA:43,4
DA:48,1
DA:49,1
DA:51,1
DA:52,1
DA:53,0
DA:56,1
DA:60,1
DA:62,0
DA:68,3
DA:69,3
DA:70,3
DA:76,3
DA:78,1
DA:80,1
DA:86,1
DA:88,2
DA:93,5
DA:94,5
DA:96,5
DA:97,3
DA:98,2
DA:101,1
DA:104,1
DA:106,4
DA:111,1
DA:112,1
DA:114,1
DA:115,1
DA:116,0
DA:119,1
DA:123,1
DA:125,0
DA:130,3
LF:50
LH:46
BRDA:13,0,0,1
BRDA:13,0,1,1
BRDA:34,1,0,2
BRDA:34,1,1,1
BRDA:52,2,0,0
BRDA:52,2,1,1
BRDA:76,3,0,1
BRDA:76,3,1,1
BRDA:97,4,0,2
BRDA:97,4,1,1
BRDA:115,5,0,0
BRDA:115,5,1,1
BRF:12
BRH:10
end_of_record
TN:
SF:controllers\UserController.js
FN:9,(anonymous_0)
FN:42,(anonymous_1)
FN:59,(anonymous_2)
FN:69,(anonymous_3)
FN:78,(anonymous_4)
FN:91,(anonymous_5)
FN:124,(anonymous_6)
FN:135,(anonymous_7)
FN:171,(anonymous_8)
FN:181,(anonymous_9)
FN:200,(anonymous_10)
FN:237,(anonymous_11)
FN:268,(anonymous_12)
FN:276,(anonymous_13)
FNF:14
FNH:14
FNDA:9,(anonymous_0)
FNDA:3,(anonymous_1)
FNDA:5,(anonymous_2)
FNDA:1,(anonymous_3)
FNDA:2,(anonymous_4)
FNDA:2,(anonymous_5)
FNDA:1,(anonymous_6)
FNDA:3,(anonymous_7)
FNDA:2,(anonymous_8)
FNDA:2,(anonymous_9)
FNDA:3,(anonymous_10)
FNDA:1,(anonymous_11)
FNDA:1,(anonymous_12)
FNDA:1,(anonymous_13)
DA:1,3
DA:2,3
DA:3,3
DA:4,3
DA:5,3
DA:6,3
DA:10,9
DA:20,9
DA:22,9
DA:33,1
DA:38,8
DA:43,3
DA:44,3
DA:45,3
DA:46,3
DA:47,2
DA:48,2
DA:50,1
DA:51,1
DA:53,1
DA:55,2
DA:60,5
DA:61,5
DA:62,5
DA:63,1
DA:65,4
DA:70,1
DA:71,1
DA:72,1
DA:74,0
DA:79,2
DA:80,2
DA:81,2
DA:83,2
DA:85,1
DA:87,1
DA:92,2
DA:93,2
DA:94,2
DA:95,2
DA:96,2
DA:97,2
DA:98,2
DA:99,2
DA:101,2
DA:102,1
DA:103,1
DA:105,1
DA:109,1
DA:113,1
DA:117,1
DA:120,0
DA:125,1
DA:126,1
DA:127,1
DA:128,1
DA:129,1
DA:131,0
DA:136,3
DA:137,3
DA:139,3
DA:140,3
DA:141,3
DA:144,3
DA:145,2
DA:146,1
DA:147,0
DA:149,3
DA:160,1
DA:164,1
DA:168,2
DA:172,2
DA:173,2
DA:174,2
DA:175,2
DA:176,1
DA:178,1
DA:182,2
DA:183,2
DA:184,2
DA:185,2
DA:186,1
DA:187,1
DA:191,1
DA:196,1
DA:201,3
DA:202,3
DA:203,3
DA:206,3
DA:207,1
DA:208,1
DA:209,1
DA:210,1
DA:211,1
DA:212,1
DA:218,0
DA:221,2
DA:222,2
DA:238,1
DA:239,1
DA:241,1
DA:245,1
DA:246,1
DA:252,1
DA:268,1
DA:269,1
DA:272,0
DA:277,1
DA:278,1
DA:279,1
DA:286,1
DA:287,1
DA:289,0
DA:294,3
LF:114
LH:107
BRDA:46,0,0,1
BRDA:46,0,1,2
BRDA:48,1,0,1
BRDA:48,1,1,1
BRDA:83,2,0,1
BRDA:83,2,1,1
BRDA:101,3,0,1
BRDA:101,3,1,1
BRDA:144,4,0,2
BRDA:144,4,1,1
BRDA:146,5,0,0
BRDA:146,5,1,1
BRDA:175,6,0,1
BRDA:175,6,1,1
BRDA:185,7,0,1
BRDA:185,7,1,1
BRDA:206,8,0,2
BRDA:206,8,1,1
BRDA:207,9,0,1
BRDA:207,9,1,0
BRDA:286,10,0,0
BRDA:286,10,1,1
BRF:22
BRH:19
end_of_record
TN:
SF:helpers\bcrypt.js
FN:3,(anonymous_0)
FN:4,(anonymous_1)
FNF:2
FNH:2
FNDA:3,(anonymous_0)
FNDA:4,(anonymous_1)
DA:1,3
DA:3,3
DA:4,4
DA:6,3
LF:4
LH:4
BRF:0
BRH:0
end_of_record
TN:
SF:helpers\jwt.js
FN:3,(anonymous_0)
FN:4,(anonymous_1)
FNF:2
FNH:2
FNDA:2,(anonymous_0)
FNDA:22,(anonymous_1)
DA:1,3
DA:3,3
DA:4,22
DA:6,3
LF:4
LH:4
BRF:0
BRH:0
end_of_record
TN:
SF:middleware\auth.js
FN:4,authz
FNF:1
FNH:1
FNDA:30,authz
DA:1,3
DA:2,3
DA:5,30
DA:6,30
DA:7,30
DA:8,22
DA:9,14
DA:10,14
DA:11,14
DA:12,14
DA:14,16
DA:15,16
DA:20,3
LF:13
LH:13
BRDA:7,0,0,8
BRDA:7,0,1,22
BRDA:10,1,0,0
BRDA:10,1,1,14
BRF:4
BRH:3
end_of_record
TN:
SF:middleware\errHandler.js
FN:1,(anonymous_0)
FNF:1
FNH:1
FNDA:55,(anonymous_0)
DA:1,3
DA:2,55
DA:3,55
DA:5,55
DA:6,14
DA:7,14
DA:8,41
DA:9,4
DA:10,4
DA:11,37
DA:12,8
DA:13,8
DA:14,29
DA:15,8
DA:16,8
DA:17,21
DA:18,5
DA:19,5
DA:20,16
DA:21,4
DA:22,4
DA:23,12
DA:24,2
DA:25,2
DA:26,10
DA:27,4
DA:28,4
DA:29,6
DA:30,0
DA:31,0
DA:34,55
DA:37,3
LF:32
LH:30
BRDA:5,0,0,14
BRDA:5,0,1,41
BRDA:5,1,0,55
BRDA:5,1,1,41
BRDA:8,2,0,4
BRDA:8,2,1,37
BRDA:11,3,0,8
BRDA:11,3,1,29
BRDA:11,4,0,37
BRDA:11,4,1,29
BRDA:14,5,0,8
BRDA:14,5,1,21
BRDA:17,6,0,5
BRDA:17,6,1,16
BRDA:20,7,0,4
BRDA:20,7,1,12
BRDA:23,8,0,2
BRDA:23,8,1,10
BRDA:26,9,0,4
BRDA:26,9,1,6
BRDA:29,10,0,0
BRDA:29,10,1,6
BRF:22
BRH:21
end_of_record
TN:
SF:models\driver.js
FN:6,(anonymous_0)
FN:13,(anonymous_1)
FN:69,(anonymous_2)
FNF:3
FNH:2
FNDA:3,(anonymous_0)
FNDA:3,(anonymous_1)
FNDA:0,(anonymous_2)
DA:4,3
DA:5,3
DA:6,3
DA:15,3
DA:18,3
DA:69,3
DA:70,0
DA:72,3
LF:8
LH:7
BRF:0
BRH:0
end_of_record
TN:
SF:models\index.js
FN:20,(anonymous_0)
FN:23,(anonymous_1)
FN:28,(anonymous_2)
FNF:3
FNH:3
FNDA:21,(anonymous_0)
FNDA:18,(anonymous_1)
FNDA:18,(anonymous_2)
DA:3,3
DA:4,3
DA:5,3
DA:6,3
DA:7,3
DA:8,3
DA:9,3
DA:12,3
DA:13,0
DA:15,3
DA:18,3
DA:21,21
DA:24,18
DA:25,18
DA:28,3
DA:29,18
DA:30,18
DA:34,3
DA:35,3
DA:37,3
LF:20
LH:19
BRDA:7,0,0,3
BRDA:7,0,1,0
BRDA:12,1,0,0
BRDA:12,1,1,3
BRDA:21,2,0,21
BRDA:21,2,1,21
BRDA:21,2,2,18
BRDA:29,3,0,18
BRDA:29,3,1,0
BRF:9
BRH:6
end_of_record
TN:
SF:models\school.js
FN:5,(anonymous_0)
FN:12,(anonymous_1)
FNF:2
FNH:2
FNDA:3,(anonymous_0)
FNDA:3,(anonymous_1)
DA:4,3
DA:5,3
DA:14,3
DA:17,3
DA:54,3
LF:5
LH:5
BRF:0
BRH:0
end_of_record
TN:
SF:models\shuttlerecord.js
FN:5,(anonymous_0)
FN:12,(anonymous_1)
FNF:2
FNH:2
FNDA:3,(anonymous_0)
FNDA:3,(anonymous_1)
DA:4,3
DA:5,3
DA:14,3
DA:17,3
DA:32,3
LF:5
LH:5
BRF:0
BRH:0
end_of_record
TN:
SF:models\subscription.js
FN:5,(anonymous_0)
FN:12,(anonymous_1)
FNF:2
FNH:2
FNDA:3,(anonymous_0)
FNDA:3,(anonymous_1)
DA:4,3
DA:5,3
DA:14,3
DA:15,3
DA:16,3
DA:19,3
DA:57,3
LF:7
LH:7
BRF:0
BRH:0
end_of_record
TN:
SF:models\topup.js
FN:3,(anonymous_0)
FN:10,(anonymous_1)
FNF:2
FNH:2
FNDA:3,(anonymous_0)
FNDA:3,(anonymous_1)
DA:2,3
DA:3,3
DA:12,3
DA:15,3
DA:31,3
LF:5
LH:5
BRF:0
BRH:0
end_of_record
TN:
SF:models\user.js
FN:4,(anonymous_0)
FN:11,(anonymous_1)
FN:111,(anonymous_2)
FNF:3
FNH:3
FNDA:3,(anonymous_0)
FNDA:3,(anonymous_1)
FNDA:3,(anonymous_2)
DA:2,3
DA:3,3
DA:4,3
DA:13,3
DA:17,3
DA:23,3
DA:111,3
DA:112,3
DA:114,3
LF:9
LH:9
BRF:0
BRH:0
end_of_record
TN:
SF:routes\driver.js
FNF:0
FNH:0
DA:1,3
DA:2,3
DA:5,3
DA:6,3
DA:7,3
DA:8,3
DA:10,3
DA:12,3
DA:14,3
LF:9
LH:9
BRF:0
BRH:0
end_of_record
TN:
SF:routes\index.js
FNF:0
FNH:0
DA:1,3
DA:2,3
DA:3,3
DA:4,3
DA:6,3
DA:7,3
DA:8,3
DA:10,3
LF:8
LH:8
BRF:0
BRH:0
end_of_record
TN:
SF:routes\record.js
FNF:0
FNH:0
DA:1,3
DA:2,3
DA:6,3
DA:7,3
DA:9,3
DA:10,3
DA:12,3
DA:13,3
DA:15,3
LF:9
LH:9
BRF:0
BRH:0
end_of_record
TN:
SF:routes\user.js
FNF:0
FNH:0
DA:1,3
DA:2,3
DA:3,3
DA:5,3
DA:6,3
DA:7,3
DA:8,3
DA:9,3
DA:10,3
DA:12,3
DA:14,3
DA:16,3
DA:17,3
DA:18,3
DA:20,3
DA:21,3
DA:23,3
DA:25,3
LF:18
LH:18
BRF:0
BRH:0
end_of_record
